This is pdfTeX, Version 3.141592653-2.6-1.40.26 (MiKTeX 24.4) (preloaded format=pdflatex 2024.8.19)  2 SEP 2024 17:16
entering extended mode
 restricted \write18 enabled.
 file:line:error style messages enabled.
 %&-line parsing enabled.
**./report.tex
(report.tex
LaTeX2e <2024-06-01> patch level 2
L3 programming layer <2024-07-20>

(C:\Program Files (x86)\Programmazione\Compiler\MiKTeX\tex/latex/base\article.c
ls
Document Class: article 2024/02/08 v1.4n Standard LaTeX document class

(C:\Program Files (x86)\Programmazione\Compiler\MiKTeX\tex/latex/base\size10.cl
o
File: size10.clo 2024/02/08 v1.4n Standard LaTeX file (size option)
)
\c@part=\count194
\c@section=\count195
\c@subsection=\count196
\c@subsubsection=\count197
\c@paragraph=\count198
\c@subparagraph=\count199
\c@figure=\count266
\c@table=\count267
\abovecaptionskip=\skip49
\belowcaptionskip=\skip50
\bibindent=\dimen141
)
(C:\Program Files (x86)\Programmazione\Compiler\MiKTeX\tex/latex/amsmath\amsmat
h.sty
Package: amsmath 2024/05/23 v2.17q AMS math features
\@mathmargin=\skip51

For additional information on amsmath, use the `?' option.

(C:\Program Files (x86)\Programmazione\Compiler\MiKTeX\tex/latex/amsmath\amstex
t.sty
Package: amstext 2021/08/26 v2.01 AMS text

(C:\Program Files (x86)\Programmazione\Compiler\MiKTeX\tex/latex/amsmath\amsgen
.sty
File: amsgen.sty 1999/11/30 v2.0 generic functions
\@emptytoks=\toks17
\ex@=\dimen142
))
(C:\Program Files (x86)\Programmazione\Compiler\MiKTeX\tex/latex/amsmath\amsbsy
.sty
Package: amsbsy 1999/11/29 v1.2d Bold Symbols
\pmbraise@=\dimen143
)
(C:\Program Files (x86)\Programmazione\Compiler\MiKTeX\tex/latex/amsmath\amsopn
.sty
Package: amsopn 2022/04/08 v2.04 operator names
)
\inf@bad=\count268
LaTeX Info: Redefining \frac on input line 233.
\uproot@=\count269
\leftroot@=\count270
LaTeX Info: Redefining \overline on input line 398.
LaTeX Info: Redefining \colon on input line 409.
\classnum@=\count271
\DOTSCASE@=\count272
LaTeX Info: Redefining \ldots on input line 495.
LaTeX Info: Redefining \dots on input line 498.
LaTeX Info: Redefining \cdots on input line 619.
\Mathstrutbox@=\box52
\strutbox@=\box53
LaTeX Info: Redefining \big on input line 721.
LaTeX Info: Redefining \Big on input line 722.
LaTeX Info: Redefining \bigg on input line 723.
LaTeX Info: Redefining \Bigg on input line 724.
\big@size=\dimen144
LaTeX Font Info:    Redeclaring font encoding OML on input line 742.
LaTeX Font Info:    Redeclaring font encoding OMS on input line 743.
\macc@depth=\count273
LaTeX Info: Redefining \bmod on input line 904.
LaTeX Info: Redefining \pmod on input line 909.
LaTeX Info: Redefining \smash on input line 939.
LaTeX Info: Redefining \relbar on input line 969.
LaTeX Info: Redefining \Relbar on input line 970.
\c@MaxMatrixCols=\count274
\dotsspace@=\muskip17
\c@parentequation=\count275
\dspbrk@lvl=\count276
\tag@help=\toks18
\row@=\count277
\column@=\count278
\maxfields@=\count279
\andhelp@=\toks19
\eqnshift@=\dimen145
\alignsep@=\dimen146
\tagshift@=\dimen147
\tagwidth@=\dimen148
\totwidth@=\dimen149
\lineht@=\dimen150
\@envbody=\toks20
\multlinegap=\skip52
\multlinetaggap=\skip53
\mathdisplay@stack=\toks21
LaTeX Info: Redefining \[ on input line 2953.
LaTeX Info: Redefining \] on input line 2954.
)
(C:\Program Files (x86)\Programmazione\Compiler\MiKTeX\tex/latex/amscls\amsthm.
sty
Package: amsthm 2020/05/29 v2.20.6
\thm@style=\toks22
\thm@bodyfont=\toks23
\thm@headfont=\toks24
\thm@notefont=\toks25
\thm@headpunct=\toks26
\thm@preskip=\skip54
\thm@postskip=\skip55
\thm@headsep=\skip56
\dth@everypar=\toks27
)
(C:\Program Files (x86)\Programmazione\Compiler\MiKTeX\tex/latex/amsfonts\amssy
mb.sty
Package: amssymb 2013/01/14 v3.01 AMS font symbols

(C:\Program Files (x86)\Programmazione\Compiler\MiKTeX\tex/latex/amsfonts\amsfo
nts.sty
Package: amsfonts 2013/01/14 v3.01 Basic AMSFonts support
\symAMSa=\mathgroup4
\symAMSb=\mathgroup5
LaTeX Font Info:    Redeclaring math symbol \hbar on input line 98.
LaTeX Font Info:    Overwriting math alphabet `\mathfrak' in version `bold'
(Font)                  U/euf/m/n --> U/euf/b/n on input line 106.
))
(C:\Program Files (x86)\Programmazione\Compiler\MiKTeX\tex/latex/thmtools\thmto
ols.sty
Package: thmtools 2023/05/04 v0.76
\thmt@toks=\toks28
\c@thmt@dummyctr=\count280

(C:\Program Files (x86)\Programmazione\Compiler\MiKTeX\tex/latex/thmtools\thm-p
atch.sty
Package: thm-patch 2023/05/04 v0.76

(C:\Program Files (x86)\Programmazione\Compiler\MiKTeX\tex/latex/thmtools\parse
args.sty
Package: parseargs 2023/05/04 v0.76
\@parsespec=\toks29
))
(C:\Program Files (x86)\Programmazione\Compiler\MiKTeX\tex/latex/thmtools\thm-k
v.sty
Package: thm-kv 2023/05/04 v0.76
Package thm-kv Info: Theorem names will be uppercased on input line 42.

(C:\Program Files (x86)\Programmazione\Compiler\MiKTeX\tex/latex/graphics\keyva
l.sty
Package: keyval 2022/05/29 v1.15 key=value parser (DPC)
\KV@toks@=\toks30
)
(C:\Program Files (x86)\Programmazione\Compiler\MiKTeX\tex/latex/kvsetkeys\kvse
tkeys.sty
Package: kvsetkeys 2022-10-05 v1.19 Key value parser (HO)
)
Package thm-kv Info: kvsetkeys patch (v1.16 or later) on input line 158.
)
(C:\Program Files (x86)\Programmazione\Compiler\MiKTeX\tex/latex/thmtools\thm-a
utoref.sty
Package: thm-autoref 2023/05/04 v0.76

(C:\Program Files (x86)\Programmazione\Compiler\MiKTeX\tex/latex/thmtools\alias
ctr.sty
Package: aliasctr 2023/05/04 v0.76
))
(C:\Program Files (x86)\Programmazione\Compiler\MiKTeX\tex/latex/thmtools\thm-l
istof.sty
Package: thm-listof 2023/05/04 v0.76
)
(C:\Program Files (x86)\Programmazione\Compiler\MiKTeX\tex/latex/thmtools\thm-r
estate.sty
Package: thm-restate 2023/05/04 v0.76
)
(C:\Program Files (x86)\Programmazione\Compiler\MiKTeX\tex/latex/thmtools\thm-a
msthm.sty
Package: thm-amsthm 2023/05/04 v0.76
\thmt@style@headstyle=\toks31
))
(C:\Program Files (x86)\Programmazione\Compiler\MiKTeX\tex/latex/graphics\graph
icx.sty
Package: graphicx 2021/09/16 v1.2d Enhanced LaTeX Graphics (DPC,SPQR)

(C:\Program Files (x86)\Programmazione\Compiler\MiKTeX\tex/latex/graphics\graph
ics.sty
Package: graphics 2024/05/23 v1.4g Standard LaTeX Graphics (DPC,SPQR)

(C:\Program Files (x86)\Programmazione\Compiler\MiKTeX\tex/latex/graphics\trig.
sty
Package: trig 2023/12/02 v1.11 sin cos tan (DPC)
)
(C:\Program Files (x86)\Programmazione\Compiler\MiKTeX\tex/latex/graphics-cfg\g
raphics.cfg
File: graphics.cfg 2016/06/04 v1.11 sample graphics configuration
)
Package graphics Info: Driver file: pdftex.def on input line 106.

(C:\Program Files (x86)\Programmazione\Compiler\MiKTeX\tex/latex/graphics-def\p
dftex.def
File: pdftex.def 2024/04/13 v1.2c Graphics/color driver for pdftex
))
\Gin@req@height=\dimen151
\Gin@req@width=\dimen152
)
(C:\Program Files (x86)\Programmazione\Compiler\MiKTeX\tex/latex/caption\captio
n.sty
Package: caption 2023/08/05 v3.6o Customizing captions (AR)

(C:\Program Files (x86)\Programmazione\Compiler\MiKTeX\tex/latex/caption\captio
n3.sty
Package: caption3 2023/07/31 v2.4d caption3 kernel (AR)
\caption@tempdima=\dimen153
\captionmargin=\dimen154
\caption@leftmargin=\dimen155
\caption@rightmargin=\dimen156
\caption@width=\dimen157
\caption@indent=\dimen158
\caption@parindent=\dimen159
\caption@hangindent=\dimen160
Package caption Info: Standard document class detected.
)
\c@caption@flags=\count281
\c@continuedfloat=\count282
)
(C:\Program Files (x86)\Programmazione\Compiler\MiKTeX\tex/latex/caption\subcap
tion.sty
Package: subcaption 2023/07/28 v1.6b Sub-captions (AR)
Package caption Info: New subtype `subfigure' on input line 238.
\c@subfigure=\count283
Package caption Info: New subtype `subtable' on input line 238.
\c@subtable=\count284
)
(C:\Program Files (x86)\Programmazione\Compiler\MiKTeX\tex/latex/setspace\setsp
ace.sty
Package: setspace 2022/12/04 v6.7b set line spacing
)
(C:\Program Files (x86)\Programmazione\Compiler\MiKTeX\tex/latex/geometry\geome
try.sty
Package: geometry 2020/01/02 v5.9 Page Geometry

(C:\Program Files (x86)\Programmazione\Compiler\MiKTeX\tex/generic/iftex\ifvtex
.sty
Package: ifvtex 2019/10/25 v1.7 ifvtex legacy package. Use iftex instead.

(C:\Program Files (x86)\Programmazione\Compiler\MiKTeX\tex/generic/iftex\iftex.
sty
Package: iftex 2022/02/03 v1.0f TeX engine tests
))
\Gm@cnth=\count285
\Gm@cntv=\count286
\c@Gm@tempcnt=\count287
\Gm@bindingoffset=\dimen161
\Gm@wd@mp=\dimen162
\Gm@odd@mp=\dimen163
\Gm@even@mp=\dimen164
\Gm@layoutwidth=\dimen165
\Gm@layoutheight=\dimen166
\Gm@layouthoffset=\dimen167
\Gm@layoutvoffset=\dimen168
\Gm@dimlist=\toks32

(C:\Program Files (x86)\Programmazione\Compiler\MiKTeX\tex/latex/geometry\geome
try.cfg))
(C:\Program Files (x86)\Programmazione\Compiler\MiKTeX\tex/latex/float\float.st
y
Package: float 2001/11/08 v1.3d Float enhancements (AL)
\c@float@type=\count288
\float@exts=\toks33
\float@box=\box54
\@float@everytoks=\toks34
\@floatcapt=\box55
)
(C:\Program Files (x86)\Programmazione\Compiler\MiKTeX\tex/latex/hyperref\hyper
ref.sty
Package: hyperref 2024-07-10 v7.01j Hypertext links for LaTeX

(C:\Program Files (x86)\Programmazione\Compiler\MiKTeX\tex/generic/kvdefinekeys
\kvdefinekeys.sty
Package: kvdefinekeys 2019-12-19 v1.6 Define keys (HO)
)
(C:\Program Files (x86)\Programmazione\Compiler\MiKTeX\tex/generic/pdfescape\pd
fescape.sty
Package: pdfescape 2019/12/09 v1.15 Implements pdfTeX's escape features (HO)

(C:\Program Files (x86)\Programmazione\Compiler\MiKTeX\tex/generic/ltxcmds\ltxc
mds.sty
Package: ltxcmds 2023-12-04 v1.26 LaTeX kernel commands for general use (HO)
)
(C:\Program Files (x86)\Programmazione\Compiler\MiKTeX\tex/generic/pdftexcmds\p
dftexcmds.sty
Package: pdftexcmds 2020-06-27 v0.33 Utility functions of pdfTeX for LuaTeX (HO
)

(C:\Program Files (x86)\Programmazione\Compiler\MiKTeX\tex/generic/infwarerr\in
fwarerr.sty
Package: infwarerr 2019/12/03 v1.5 Providing info/warning/error messages (HO)
)
Package pdftexcmds Info: \pdf@primitive is available.
Package pdftexcmds Info: \pdf@ifprimitive is available.
Package pdftexcmds Info: \pdfdraftmode found.
))
(C:\Program Files (x86)\Programmazione\Compiler\MiKTeX\tex/latex/hycolor\hycolo
r.sty
Package: hycolor 2020-01-27 v1.10 Color options for hyperref/bookmark (HO)
)
(C:\Program Files (x86)\Programmazione\Compiler\MiKTeX\tex/latex/hyperref\namer
ef.sty
Package: nameref 2023-11-26 v2.56 Cross-referencing by name of section

(C:\Program Files (x86)\Programmazione\Compiler\MiKTeX\tex/latex/refcount\refco
unt.sty
Package: refcount 2019/12/15 v3.6 Data extraction from label references (HO)
)
(C:\Program Files (x86)\Programmazione\Compiler\MiKTeX\tex/generic/gettitlestri
ng\gettitlestring.sty
Package: gettitlestring 2019/12/15 v1.6 Cleanup title references (HO)

(C:\Program Files (x86)\Programmazione\Compiler\MiKTeX\tex/latex/kvoptions\kvop
tions.sty
Package: kvoptions 2022-06-15 v3.15 Key value format for package options (HO)
))
\c@section@level=\count289
)
(C:\Program Files (x86)\Programmazione\Compiler\MiKTeX\tex/latex/etoolbox\etool
box.sty
Package: etoolbox 2020/10/05 v2.5k e-TeX tools for LaTeX (JAW)
\etb@tempcnta=\count290
)
(C:\Program Files (x86)\Programmazione\Compiler\MiKTeX\tex/generic/stringenc\st
ringenc.sty
Package: stringenc 2019/11/29 v1.12 Convert strings between diff. encodings (HO
)
)
\@linkdim=\dimen169
\Hy@linkcounter=\count291
\Hy@pagecounter=\count292

(C:\Program Files (x86)\Programmazione\Compiler\MiKTeX\tex/latex/hyperref\pd1en
c.def
File: pd1enc.def 2024-07-10 v7.01j Hyperref: PDFDocEncoding definition (HO)
Now handling font encoding PD1 ...
... no UTF-8 mapping file for font encoding PD1
)
(C:\Program Files (x86)\Programmazione\Compiler\MiKTeX\tex/generic/intcalc\intc
alc.sty
Package: intcalc 2019/12/15 v1.3 Expandable calculations with integers (HO)
)
\Hy@SavedSpaceFactor=\count293

(C:\Program Files (x86)\Programmazione\Compiler\MiKTeX\tex/latex/hyperref\puenc
.def
File: puenc.def 2024-07-10 v7.01j Hyperref: PDF Unicode definition (HO)
Now handling font encoding PU ...
... no UTF-8 mapping file for font encoding PU
)
Package hyperref Info: Option `colorlinks' set `true' on input line 4040.
Package hyperref Info: Hyper figures OFF on input line 4157.
Package hyperref Info: Link nesting OFF on input line 4162.
Package hyperref Info: Hyper index ON on input line 4165.
Package hyperref Info: Plain pages OFF on input line 4172.
Package hyperref Info: Backreferencing OFF on input line 4177.
Package hyperref Info: Implicit mode ON; LaTeX internals redefined.
Package hyperref Info: Bookmarks ON on input line 4424.
\c@Hy@tempcnt=\count294

(C:\Program Files (x86)\Programmazione\Compiler\MiKTeX\tex/latex/url\url.sty
\Urlmuskip=\muskip18
Package: url 2013/09/16  ver 3.4  Verb mode for urls, etc.
)
LaTeX Info: Redefining \url on input line 4763.
\XeTeXLinkMargin=\dimen170

(C:\Program Files (x86)\Programmazione\Compiler\MiKTeX\tex/generic/bitset\bitse
t.sty
Package: bitset 2019/12/09 v1.3 Handle bit-vector datatype (HO)

(C:\Program Files (x86)\Programmazione\Compiler\MiKTeX\tex/generic/bigintcalc\b
igintcalc.sty
Package: bigintcalc 2019/12/15 v1.5 Expandable calculations on big integers (HO
)
))
\Fld@menulength=\count295
\Field@Width=\dimen171
\Fld@charsize=\dimen172
Package hyperref Info: Hyper figures OFF on input line 6042.
Package hyperref Info: Link nesting OFF on input line 6047.
Package hyperref Info: Hyper index ON on input line 6050.
Package hyperref Info: backreferencing OFF on input line 6057.
Package hyperref Info: Link coloring ON on input line 6060.
Package hyperref Info: Link coloring with OCG OFF on input line 6067.
Package hyperref Info: PDF/A mode OFF on input line 6072.

(C:\Program Files (x86)\Programmazione\Compiler\MiKTeX\tex/latex/base\atbegshi-
ltx.sty
Package: atbegshi-ltx 2021/01/10 v1.0c Emulation of the original atbegshi
package with kernel methods
)
\Hy@abspage=\count296
\c@Item=\count297
\c@Hfootnote=\count298
)
Package hyperref Info: Driver (autodetected): hpdftex.

(C:\Program Files (x86)\Programmazione\Compiler\MiKTeX\tex/latex/hyperref\hpdft
ex.def
File: hpdftex.def 2024-07-10 v7.01j Hyperref driver for pdfTeX

(C:\Program Files (x86)\Programmazione\Compiler\MiKTeX\tex/latex/base\atveryend
-ltx.sty
Package: atveryend-ltx 2020/08/19 v1.0a Emulation of the original atveryend pac
kage
with kernel methods
)
\Fld@listcount=\count299
\c@bookmark@seq@number=\count300

(C:\Program Files (x86)\Programmazione\Compiler\MiKTeX\tex/latex/rerunfilecheck
\rerunfilecheck.sty
Package: rerunfilecheck 2022-07-10 v1.10 Rerun checks for auxiliary files (HO)

(C:\Program Files (x86)\Programmazione\Compiler\MiKTeX\tex/generic/uniquecounte
r\uniquecounter.sty
Package: uniquecounter 2019/12/15 v1.4 Provide unlimited unique counter (HO)
)
Package uniquecounter Info: New unique counter `rerunfilecheck' on input line 2
85.
)
\Hy@SectionHShift=\skip57
)
(C:\Program Files (x86)\Programmazione\Compiler\MiKTeX\tex/latex/base\inputenc.
sty
Package: inputenc 2024/02/08 v1.3d Input encoding file
\inpenc@prehook=\toks35
\inpenc@posthook=\toks36
)
(C:\Program Files (x86)\Programmazione\Compiler\MiKTeX\tex/generic/babel\babel.
sty
Package: babel 2024/06/26 v24.7 The Babel package
\babel@savecnt=\count301
\U@D=\dimen173
\l@unhyphenated=\language79

(C:\Program Files (x86)\Programmazione\Compiler\MiKTeX\tex/generic/babel\txtbab
el.def)
\bbl@readstream=\read2
\bbl@dirlevel=\count302

*************************************
* Local config file bblopts.cfg used
*

(C:\Program Files (x86)\Programmazione\Compiler\MiKTeX\tex/latex/arabi\bblopts.
cfg
File: bblopts.cfg 2005/09/08 v0.1 add Arabic and Farsi to "declared" options of
 babel
)
(C:\Program Files (x86)\Programmazione\Compiler\MiKTeX\tex/latex/babel-english\
english.ldf
Language: english 2017/06/06 v3.3r English support from the babel system
Package babel Info: Hyphen rules for 'canadian' set to \l@english
(babel)             (\language0). Reported on input line 102.
Package babel Info: Hyphen rules for 'australian' set to \l@ukenglish
(babel)             (\language73). Reported on input line 105.
Package babel Info: Hyphen rules for 'newzealand' set to \l@ukenglish
(babel)             (\language73). Reported on input line 108.
))
(C:\Program Files (x86)\Programmazione\Compiler\MiKTeX\tex/generic/babel/locale
/en\babel-english.tex
Package babel Info: Importing font and identification data for english
(babel)             from babel-en.ini. Reported on input line 11.
)
(C:\Program Files (x86)\Programmazione\Compiler\MiKTeX\tex/latex/framed\framed.
sty
Package: framed 2011/10/22 v 0.96: framed or shaded text with page breaks
\OuterFrameSep=\skip58
\fb@frw=\dimen174
\fb@frh=\dimen175
\FrameRule=\dimen176
\FrameSep=\dimen177
)
(C:\Program Files (x86)\Programmazione\Compiler\MiKTeX\tex/latex/xcolor\xcolor.
sty
Package: xcolor 2023/11/15 v3.01 LaTeX color extensions (UK)

(C:\Program Files (x86)\Programmazione\Compiler\MiKTeX\tex/latex/graphics-cfg\c
olor.cfg
File: color.cfg 2016/01/02 v1.6 sample color configuration
)
Package xcolor Info: Driver file: pdftex.def on input line 274.

(C:\Program Files (x86)\Programmazione\Compiler\MiKTeX\tex/latex/graphics\mathc
olor.ltx)
Package xcolor Info: Model `cmy' substituted by `cmy0' on input line 1350.
Package xcolor Info: Model `hsb' substituted by `rgb' on input line 1354.
Package xcolor Info: Model `RGB' extended on input line 1366.
Package xcolor Info: Model `HTML' substituted by `rgb' on input line 1368.
Package xcolor Info: Model `Hsb' substituted by `hsb' on input line 1369.
Package xcolor Info: Model `tHsb' substituted by `hsb' on input line 1370.
Package xcolor Info: Model `HSB' substituted by `hsb' on input line 1371.
Package xcolor Info: Model `Gray' substituted by `gray' on input line 1372.
Package xcolor Info: Model `wave' substituted by `hsb' on input line 1373.
)
(C:\Program Files (x86)\Programmazione\Compiler\MiKTeX\tex/latex/graphics\dvips
nam.def
File: dvipsnam.def 2016/06/17 v3.0m Driver-dependent file (DPC,SPQR)
)
(C:\Program Files (x86)\Programmazione\Compiler\MiKTeX\tex/latex/tcolorbox\tcol
orbox.sty
Package: tcolorbox 2024/07/10 version 6.3.0 text color boxes

(C:\Program Files (x86)\Programmazione\Compiler\MiKTeX\tex/latex/pgf/frontendla
yer\tikz.sty
(C:\Program Files (x86)\Programmazione\Compiler\MiKTeX\tex/latex/pgf/basiclayer
\pgf.sty
(C:\Program Files (x86)\Programmazione\Compiler\MiKTeX\tex/latex/pgf/utilities\
pgfrcs.sty
(C:\Program Files (x86)\Programmazione\Compiler\MiKTeX\tex/generic/pgf/utilitie
s\pgfutil-common.tex
\pgfutil@everybye=\toks37
\pgfutil@tempdima=\dimen178
\pgfutil@tempdimb=\dimen179
)
(C:\Program Files (x86)\Programmazione\Compiler\MiKTeX\tex/generic/pgf/utilitie
s\pgfutil-latex.def
\pgfutil@abb=\box56
)
(C:\Program Files (x86)\Programmazione\Compiler\MiKTeX\tex/generic/pgf/utilitie
s\pgfrcs.code.tex
(C:\Program Files (x86)\Programmazione\Compiler\MiKTeX\tex/generic/pgf\pgf.revi
sion.tex)
Package: pgfrcs 2023-01-15 v3.1.10 (3.1.10)
))
Package: pgf 2023-01-15 v3.1.10 (3.1.10)

(C:\Program Files (x86)\Programmazione\Compiler\MiKTeX\tex/latex/pgf/basiclayer
\pgfcore.sty
(C:\Program Files (x86)\Programmazione\Compiler\MiKTeX\tex/latex/pgf/systemlaye
r\pgfsys.sty
(C:\Program Files (x86)\Programmazione\Compiler\MiKTeX\tex/generic/pgf/systemla
yer\pgfsys.code.tex
Package: pgfsys 2023-01-15 v3.1.10 (3.1.10)

(C:\Program Files (x86)\Programmazione\Compiler\MiKTeX\tex/generic/pgf/utilitie
s\pgfkeys.code.tex
\pgfkeys@pathtoks=\toks38
\pgfkeys@temptoks=\toks39

(C:\Program Files (x86)\Programmazione\Compiler\MiKTeX\tex/generic/pgf/utilitie
s\pgfkeyslibraryfiltered.code.tex
\pgfkeys@tmptoks=\toks40
))
\pgf@x=\dimen180
\pgf@y=\dimen181
\pgf@xa=\dimen182
\pgf@ya=\dimen183
\pgf@xb=\dimen184
\pgf@yb=\dimen185
\pgf@xc=\dimen186
\pgf@yc=\dimen187
\pgf@xd=\dimen188
\pgf@yd=\dimen189
\w@pgf@writea=\write3
\r@pgf@reada=\read3
\c@pgf@counta=\count303
\c@pgf@countb=\count304
\c@pgf@countc=\count305
\c@pgf@countd=\count306
\t@pgf@toka=\toks41
\t@pgf@tokb=\toks42
\t@pgf@tokc=\toks43
\pgf@sys@id@count=\count307

(C:\Program Files (x86)\Programmazione\Compiler\MiKTeX\tex/generic/pgf/systemla
yer\pgf.cfg
File: pgf.cfg 2023-01-15 v3.1.10 (3.1.10)
)
Driver file for pgf: pgfsys-pdftex.def

(C:\Program Files (x86)\Programmazione\Compiler\MiKTeX\tex/generic/pgf/systemla
yer\pgfsys-pdftex.def
File: pgfsys-pdftex.def 2023-01-15 v3.1.10 (3.1.10)

(C:\Program Files (x86)\Programmazione\Compiler\MiKTeX\tex/generic/pgf/systemla
yer\pgfsys-common-pdf.def
File: pgfsys-common-pdf.def 2023-01-15 v3.1.10 (3.1.10)
)))
(C:\Program Files (x86)\Programmazione\Compiler\MiKTeX\tex/generic/pgf/systemla
yer\pgfsyssoftpath.code.tex
File: pgfsyssoftpath.code.tex 2023-01-15 v3.1.10 (3.1.10)
\pgfsyssoftpath@smallbuffer@items=\count308
\pgfsyssoftpath@bigbuffer@items=\count309
)
(C:\Program Files (x86)\Programmazione\Compiler\MiKTeX\tex/generic/pgf/systemla
yer\pgfsysprotocol.code.tex
File: pgfsysprotocol.code.tex 2023-01-15 v3.1.10 (3.1.10)
))
(C:\Program Files (x86)\Programmazione\Compiler\MiKTeX\tex/generic/pgf/basiclay
er\pgfcore.code.tex
Package: pgfcore 2023-01-15 v3.1.10 (3.1.10)

(C:\Program Files (x86)\Programmazione\Compiler\MiKTeX\tex/generic/pgf/math\pgf
math.code.tex
(C:\Program Files (x86)\Programmazione\Compiler\MiKTeX\tex/generic/pgf/math\pgf
mathutil.code.tex)
(C:\Program Files (x86)\Programmazione\Compiler\MiKTeX\tex/generic/pgf/math\pgf
mathparser.code.tex
\pgfmath@dimen=\dimen190
\pgfmath@count=\count310
\pgfmath@box=\box57
\pgfmath@toks=\toks44
\pgfmath@stack@operand=\toks45
\pgfmath@stack@operation=\toks46
)
(C:\Program Files (x86)\Programmazione\Compiler\MiKTeX\tex/generic/pgf/math\pgf
mathfunctions.code.tex)
(C:\Program Files (x86)\Programmazione\Compiler\MiKTeX\tex/generic/pgf/math\pgf
mathfunctions.basic.code.tex)
(C:\Program Files (x86)\Programmazione\Compiler\MiKTeX\tex/generic/pgf/math\pgf
mathfunctions.trigonometric.code.tex)
(C:\Program Files (x86)\Programmazione\Compiler\MiKTeX\tex/generic/pgf/math\pgf
mathfunctions.random.code.tex)
(C:\Program Files (x86)\Programmazione\Compiler\MiKTeX\tex/generic/pgf/math\pgf
mathfunctions.comparison.code.tex)
(C:\Program Files (x86)\Programmazione\Compiler\MiKTeX\tex/generic/pgf/math\pgf
mathfunctions.base.code.tex)
(C:\Program Files (x86)\Programmazione\Compiler\MiKTeX\tex/generic/pgf/math\pgf
mathfunctions.round.code.tex)
(C:\Program Files (x86)\Programmazione\Compiler\MiKTeX\tex/generic/pgf/math\pgf
mathfunctions.misc.code.tex)
(C:\Program Files (x86)\Programmazione\Compiler\MiKTeX\tex/generic/pgf/math\pgf
mathfunctions.integerarithmetics.code.tex)
(C:\Program Files (x86)\Programmazione\Compiler\MiKTeX\tex/generic/pgf/math\pgf
mathcalc.code.tex)
(C:\Program Files (x86)\Programmazione\Compiler\MiKTeX\tex/generic/pgf/math\pgf
mathfloat.code.tex
\c@pgfmathroundto@lastzeros=\count311
))
(C:\Program Files (x86)\Programmazione\Compiler\MiKTeX\tex/generic/pgf/math\pgf
int.code.tex)
(C:\Program Files (x86)\Programmazione\Compiler\MiKTeX\tex/generic/pgf/basiclay
er\pgfcorepoints.code.tex
File: pgfcorepoints.code.tex 2023-01-15 v3.1.10 (3.1.10)
\pgf@picminx=\dimen191
\pgf@picmaxx=\dimen192
\pgf@picminy=\dimen193
\pgf@picmaxy=\dimen194
\pgf@pathminx=\dimen195
\pgf@pathmaxx=\dimen196
\pgf@pathminy=\dimen197
\pgf@pathmaxy=\dimen198
\pgf@xx=\dimen199
\pgf@xy=\dimen256
\pgf@yx=\dimen257
\pgf@yy=\dimen258
\pgf@zx=\dimen259
\pgf@zy=\dimen260
)
(C:\Program Files (x86)\Programmazione\Compiler\MiKTeX\tex/generic/pgf/basiclay
er\pgfcorepathconstruct.code.tex
File: pgfcorepathconstruct.code.tex 2023-01-15 v3.1.10 (3.1.10)
\pgf@path@lastx=\dimen261
\pgf@path@lasty=\dimen262
)
(C:\Program Files (x86)\Programmazione\Compiler\MiKTeX\tex/generic/pgf/basiclay
er\pgfcorepathusage.code.tex
File: pgfcorepathusage.code.tex 2023-01-15 v3.1.10 (3.1.10)
\pgf@shorten@end@additional=\dimen263
\pgf@shorten@start@additional=\dimen264
)
(C:\Program Files (x86)\Programmazione\Compiler\MiKTeX\tex/generic/pgf/basiclay
er\pgfcorescopes.code.tex
File: pgfcorescopes.code.tex 2023-01-15 v3.1.10 (3.1.10)
\pgfpic=\box58
\pgf@hbox=\box59
\pgf@layerbox@main=\box60
\pgf@picture@serial@count=\count312
)
(C:\Program Files (x86)\Programmazione\Compiler\MiKTeX\tex/generic/pgf/basiclay
er\pgfcoregraphicstate.code.tex
File: pgfcoregraphicstate.code.tex 2023-01-15 v3.1.10 (3.1.10)
\pgflinewidth=\dimen265
)
(C:\Program Files (x86)\Programmazione\Compiler\MiKTeX\tex/generic/pgf/basiclay
er\pgfcoretransformations.code.tex
File: pgfcoretransformations.code.tex 2023-01-15 v3.1.10 (3.1.10)
\pgf@pt@x=\dimen266
\pgf@pt@y=\dimen267
\pgf@pt@temp=\dimen268
)
(C:\Program Files (x86)\Programmazione\Compiler\MiKTeX\tex/generic/pgf/basiclay
er\pgfcorequick.code.tex
File: pgfcorequick.code.tex 2023-01-15 v3.1.10 (3.1.10)
)
(C:\Program Files (x86)\Programmazione\Compiler\MiKTeX\tex/generic/pgf/basiclay
er\pgfcoreobjects.code.tex
File: pgfcoreobjects.code.tex 2023-01-15 v3.1.10 (3.1.10)
)
(C:\Program Files (x86)\Programmazione\Compiler\MiKTeX\tex/generic/pgf/basiclay
er\pgfcorepathprocessing.code.tex
File: pgfcorepathprocessing.code.tex 2023-01-15 v3.1.10 (3.1.10)
)
(C:\Program Files (x86)\Programmazione\Compiler\MiKTeX\tex/generic/pgf/basiclay
er\pgfcorearrows.code.tex
File: pgfcorearrows.code.tex 2023-01-15 v3.1.10 (3.1.10)
\pgfarrowsep=\dimen269
)
(C:\Program Files (x86)\Programmazione\Compiler\MiKTeX\tex/generic/pgf/basiclay
er\pgfcoreshade.code.tex
File: pgfcoreshade.code.tex 2023-01-15 v3.1.10 (3.1.10)
\pgf@max=\dimen270
\pgf@sys@shading@range@num=\count313
\pgf@shadingcount=\count314
)
(C:\Program Files (x86)\Programmazione\Compiler\MiKTeX\tex/generic/pgf/basiclay
er\pgfcoreimage.code.tex
File: pgfcoreimage.code.tex 2023-01-15 v3.1.10 (3.1.10)
)
(C:\Program Files (x86)\Programmazione\Compiler\MiKTeX\tex/generic/pgf/basiclay
er\pgfcoreexternal.code.tex
File: pgfcoreexternal.code.tex 2023-01-15 v3.1.10 (3.1.10)
\pgfexternal@startupbox=\box61
)
(C:\Program Files (x86)\Programmazione\Compiler\MiKTeX\tex/generic/pgf/basiclay
er\pgfcorelayers.code.tex
File: pgfcorelayers.code.tex 2023-01-15 v3.1.10 (3.1.10)
)
(C:\Program Files (x86)\Programmazione\Compiler\MiKTeX\tex/generic/pgf/basiclay
er\pgfcoretransparency.code.tex
File: pgfcoretransparency.code.tex 2023-01-15 v3.1.10 (3.1.10)
)
(C:\Program Files (x86)\Programmazione\Compiler\MiKTeX\tex/generic/pgf/basiclay
er\pgfcorepatterns.code.tex
File: pgfcorepatterns.code.tex 2023-01-15 v3.1.10 (3.1.10)
)
(C:\Program Files (x86)\Programmazione\Compiler\MiKTeX\tex/generic/pgf/basiclay
er\pgfcorerdf.code.tex
File: pgfcorerdf.code.tex 2023-01-15 v3.1.10 (3.1.10)
)))
(C:\Program Files (x86)\Programmazione\Compiler\MiKTeX\tex/generic/pgf/modules\
pgfmoduleshapes.code.tex
File: pgfmoduleshapes.code.tex 2023-01-15 v3.1.10 (3.1.10)
\pgfnodeparttextbox=\box62
)
(C:\Program Files (x86)\Programmazione\Compiler\MiKTeX\tex/generic/pgf/modules\
pgfmoduleplot.code.tex
File: pgfmoduleplot.code.tex 2023-01-15 v3.1.10 (3.1.10)
)
(C:\Program Files (x86)\Programmazione\Compiler\MiKTeX\tex/latex/pgf/compatibil
ity\pgfcomp-version-0-65.sty
Package: pgfcomp-version-0-65 2023-01-15 v3.1.10 (3.1.10)
\pgf@nodesepstart=\dimen271
\pgf@nodesepend=\dimen272
)
(C:\Program Files (x86)\Programmazione\Compiler\MiKTeX\tex/latex/pgf/compatibil
ity\pgfcomp-version-1-18.sty
Package: pgfcomp-version-1-18 2023-01-15 v3.1.10 (3.1.10)
))
(C:\Program Files (x86)\Programmazione\Compiler\MiKTeX\tex/latex/pgf/utilities\
pgffor.sty
(C:\Program Files (x86)\Programmazione\Compiler\MiKTeX\tex/latex/pgf/utilities\
pgfkeys.sty
(C:\Program Files (x86)\Programmazione\Compiler\MiKTeX\tex/generic/pgf/utilitie
s\pgfkeys.code.tex))
(C:\Program Files (x86)\Programmazione\Compiler\MiKTeX\tex/latex/pgf/math\pgfma
th.sty
(C:\Program Files (x86)\Programmazione\Compiler\MiKTeX\tex/generic/pgf/math\pgf
math.code.tex))
(C:\Program Files (x86)\Programmazione\Compiler\MiKTeX\tex/generic/pgf/utilitie
s\pgffor.code.tex
Package: pgffor 2023-01-15 v3.1.10 (3.1.10)
\pgffor@iter=\dimen273
\pgffor@skip=\dimen274
\pgffor@stack=\toks47
\pgffor@toks=\toks48
))
(C:\Program Files (x86)\Programmazione\Compiler\MiKTeX\tex/generic/pgf/frontend
layer/tikz\tikz.code.tex
Package: tikz 2023-01-15 v3.1.10 (3.1.10)

(C:\Program Files (x86)\Programmazione\Compiler\MiKTeX\tex/generic/pgf/librarie
s\pgflibraryplothandlers.code.tex
File: pgflibraryplothandlers.code.tex 2023-01-15 v3.1.10 (3.1.10)
\pgf@plot@mark@count=\count315
\pgfplotmarksize=\dimen275
)
\tikz@lastx=\dimen276
\tikz@lasty=\dimen277
\tikz@lastxsaved=\dimen278
\tikz@lastysaved=\dimen279
\tikz@lastmovetox=\dimen280
\tikz@lastmovetoy=\dimen281
\tikzleveldistance=\dimen282
\tikzsiblingdistance=\dimen283
\tikz@figbox=\box63
\tikz@figbox@bg=\box64
\tikz@tempbox=\box65
\tikz@tempbox@bg=\box66
\tikztreelevel=\count316
\tikznumberofchildren=\count317
\tikznumberofcurrentchild=\count318
\tikz@fig@count=\count319

(C:\Program Files (x86)\Programmazione\Compiler\MiKTeX\tex/generic/pgf/modules\
pgfmodulematrix.code.tex
File: pgfmodulematrix.code.tex 2023-01-15 v3.1.10 (3.1.10)
\pgfmatrixcurrentrow=\count320
\pgfmatrixcurrentcolumn=\count321
\pgf@matrix@numberofcolumns=\count322
)
\tikz@expandcount=\count323

(C:\Program Files (x86)\Programmazione\Compiler\MiKTeX\tex/generic/pgf/frontend
layer/tikz/libraries\tikzlibrarytopaths.code.tex
File: tikzlibrarytopaths.code.tex 2023-01-15 v3.1.10 (3.1.10)
)))
(C:\Program Files (x86)\Programmazione\Compiler\MiKTeX\tex/latex/tools\verbatim
.sty
Package: verbatim 2024-01-22 v1.5x LaTeX2e package for verbatim enhancements
\every@verbatim=\toks49
\verbatim@line=\toks50
\verbatim@in@stream=\read4
)
(C:\Program Files (x86)\Programmazione\Compiler\MiKTeX\tex/latex/environ\enviro
n.sty
Package: environ 2014/05/04 v0.3 A new way to define environments

(C:\Program Files (x86)\Programmazione\Compiler\MiKTeX\tex/latex/trimspaces\tri
mspaces.sty
Package: trimspaces 2009/09/17 v1.1 Trim spaces around a token list
))
\tcb@titlebox=\box67
\tcb@upperbox=\box68
\tcb@lowerbox=\box69
\tcb@phantombox=\box70
\c@tcbbreakpart=\count324
\c@tcblayer=\count325
\c@tcolorbox@number=\count326
\l__tcobox_tmpa_box=\box71
\l__tcobox_tmpa_dim=\dimen284
\tcb@temp=\box72
\tcb@temp=\box73
\tcb@temp=\box74
\tcb@temp=\box75
)
(C:\Program Files (x86)\Programmazione\Compiler\MiKTeX\tex/latex/cite\cite.sty
LaTeX Info: Redefining \cite on input line 302.
LaTeX Info: Redefining \nocite on input line 332.
Package: cite 2015/02/27  v 5.5
)
(C:\Program Files (x86)\Programmazione\Compiler\MiKTeX\tex/latex/booktabs\bookt
abs.sty
Package: booktabs 2020/01/12 v1.61803398 Publication quality tables
\heavyrulewidth=\dimen285
\lightrulewidth=\dimen286
\cmidrulewidth=\dimen287
\belowrulesep=\dimen288
\belowbottomsep=\dimen289
\aboverulesep=\dimen290
\abovetopsep=\dimen291
\cmidrulesep=\dimen292
\cmidrulekern=\dimen293
\defaultaddspace=\dimen294
\@cmidla=\count327
\@cmidlb=\count328
\@aboverulesep=\dimen295
\@belowrulesep=\dimen296
\@thisruleclass=\count329
\@lastruleclass=\count330
\@thisrulewidth=\dimen297
)
(C:\Program Files (x86)\Programmazione\Compiler\MiKTeX\tex/latex/multirow\multi
row.sty
Package: multirow 2021/03/15 v2.8 Span multiple rows of a table
\multirow@colwidth=\skip59
\multirow@cntb=\count331
\multirow@dima=\skip60
\bigstrutjot=\dimen298
)
(C:\Program Files (x86)\Programmazione\Compiler\MiKTeX\tex/latex/anyfontsize\an
yfontsize.sty
Package: anyfontsize 2007/11/22 anyfontsize.sty by pts
)
(C:\Program Files (x86)\Programmazione\Compiler\MiKTeX\tex/latex/tools\tabularx
.sty
Package: tabularx 2023/12/11 v2.12a `tabularx' package (DPC)

(C:\Program Files (x86)\Programmazione\Compiler\MiKTeX\tex/latex/tools\array.st
y
Package: array 2024/06/14 v2.6d Tabular extension package (FMi)
\col@sep=\dimen299
\ar@mcellbox=\box76
\extrarowheight=\dimen300
\NC@list=\toks51
\extratabsurround=\skip61
\backup@length=\skip62
\ar@cellbox=\box77
)
\TX@col@width=\dimen301
\TX@old@table=\dimen302
\TX@old@col=\dimen303
\TX@target=\dimen304
\TX@delta=\dimen305
\TX@cols=\count332
\TX@ftn=\toks52
)
(C:\Program Files (x86)\Programmazione\Compiler\MiKTeX\tex/latex/adjustbox\adju
stbox.sty
Package: adjustbox 2022/10/17 v1.3a Adjusting TeX boxes (trim, clip, ...)

(C:\Program Files (x86)\Programmazione\Compiler\MiKTeX\tex/latex/xkeyval\xkeyva
l.sty
Package: xkeyval 2022/06/16 v2.9 package option processing (HA)

(C:\Program Files (x86)\Programmazione\Compiler\MiKTeX\tex/generic/xkeyval\xkey
val.tex
(C:\Program Files (x86)\Programmazione\Compiler\MiKTeX\tex/generic/xkeyval\xkvu
tils.tex
\XKV@toks=\toks53
\XKV@tempa@toks=\toks54
)
\XKV@depth=\count333
File: xkeyval.tex 2014/12/03 v2.7a key=value parser (HA)
))
(C:\Program Files (x86)\Programmazione\Compiler\MiKTeX\tex/latex/adjustbox\adjc
alc.sty
Package: adjcalc 2012/05/16 v1.1 Provides advanced setlength with multiple back
-ends (calc, etex, pgfmath)
)
(C:\Program Files (x86)\Programmazione\Compiler\MiKTeX\tex/latex/adjustbox\trim
clip.sty
Package: trimclip 2020/08/19 v1.2 Trim and clip general TeX material

(C:\Program Files (x86)\Programmazione\Compiler\MiKTeX\tex/latex/collectbox\col
lectbox.sty
Package: collectbox 2022/10/17 v0.4c Collect macro arguments as boxes
\collectedbox=\box78
)
\tc@llx=\dimen306
\tc@lly=\dimen307
\tc@urx=\dimen308
\tc@ury=\dimen309
Package trimclip Info: Using driver 'tc-pdftex.def'.

(C:\Program Files (x86)\Programmazione\Compiler\MiKTeX\tex/latex/adjustbox\tc-p
dftex.def
File: tc-pdftex.def 2019/01/04 v2.2 Clipping driver for pdftex
))
\adjbox@Width=\dimen310
\adjbox@Height=\dimen311
\adjbox@Depth=\dimen312
\adjbox@Totalheight=\dimen313
\adjbox@pwidth=\dimen314
\adjbox@pheight=\dimen315
\adjbox@pdepth=\dimen316
\adjbox@ptotalheight=\dimen317

(C:\Program Files (x86)\Programmazione\Compiler\MiKTeX\tex/latex/ifoddpage\ifod
dpage.sty
Package: ifoddpage 2022/10/18 v1.2 Conditionals for odd/even page detection
\c@checkoddpage=\count334
)
(C:\Program Files (x86)\Programmazione\Compiler\MiKTeX\tex/latex/varwidth\varwi
dth.sty
Package: varwidth 2009/03/30 ver 0.92;  Variable-width minipages
\@vwid@box=\box79
\sift@deathcycles=\count335
\@vwid@loff=\dimen318
\@vwid@roff=\dimen319
))
(C:\Program Files (x86)\Programmazione\Compiler\MiKTeX\tex/latex/abstract\abstr
act.sty
Package: abstract 2009/06/08 v1.2a configurable abstracts
\abstitleskip=\skip63
\absleftindent=\skip64
\absrightindent=\skip65
\absparindent=\skip66
\absparsep=\skip67
)
Package thmtools Info: Key `name' (with value `Theorem')
(thmtools)             is not a known style key.
(thmtools)             Will pass this to every \declaretheorem
(thmtools)             that uses `style=thmsty' on input line 33.
\c@theorem=\count336
Package thmtools Info: Key `name' (with value `Proposition')
(thmtools)             is not a known style key.
(thmtools)             Will pass this to every \declaretheorem
(thmtools)             that uses `style=prosty' on input line 37.
Package thmtools Info: Key `name' (with value `Principle')
(thmtools)             is not a known style key.
(thmtools)             Will pass this to every \declaretheorem
(thmtools)             that uses `style=prcpsty' on input line 41.

(C:\Program Files (x86)\Programmazione\Compiler\MiKTeX\tex/latex/l3backend\l3ba
ckend-pdftex.def
File: l3backend-pdftex.def 2024-05-08 L3 backend support: PDF output (pdfTeX)
\l__color_backend_stack_int=\count337
\l__pdf_internal_box=\box80
)
(E:/POLITO/Machine Learning And Pattern Recognition/Laboratory/auxil\report.aux
(MainPage/cover.aux))
\openout1 = `report.aux'.

LaTeX Font Info:    Checking defaults for OML/cmm/m/it on input line 57.
LaTeX Font Info:    ... okay on input line 57.
LaTeX Font Info:    Checking defaults for OMS/cmsy/m/n on input line 57.
LaTeX Font Info:    ... okay on input line 57.
LaTeX Font Info:    Checking defaults for OT1/cmr/m/n on input line 57.
LaTeX Font Info:    ... okay on input line 57.
LaTeX Font Info:    Checking defaults for T1/cmr/m/n on input line 57.
LaTeX Font Info:    ... okay on input line 57.
LaTeX Font Info:    Checking defaults for TS1/cmr/m/n on input line 57.
LaTeX Font Info:    ... okay on input line 57.
LaTeX Font Info:    Checking defaults for OMX/cmex/m/n on input line 57.
LaTeX Font Info:    ... okay on input line 57.
LaTeX Font Info:    Checking defaults for U/cmr/m/n on input line 57.
LaTeX Font Info:    ... okay on input line 57.
LaTeX Font Info:    Checking defaults for PD1/pdf/m/n on input line 57.
LaTeX Font Info:    ... okay on input line 57.
LaTeX Font Info:    Checking defaults for PU/pdf/m/n on input line 57.
LaTeX Font Info:    ... okay on input line 57.

(C:\Program Files (x86)\Programmazione\Compiler\MiKTeX\tex/context/base/mkii\su
pp-pdf.mkii
[Loading MPS to PDF converter (version 2006.09.02).]
\scratchcounter=\count338
\scratchdimen=\dimen320
\scratchbox=\box81
\nofMPsegments=\count339
\nofMParguments=\count340
\everyMPshowfont=\toks55
\MPscratchCnt=\count341
\MPscratchDim=\dimen321
\MPnumerator=\count342
\makeMPintoPDFobject=\count343
\everyMPtoPDFconversion=\toks56
)
(C:\Program Files (x86)\Programmazione\Compiler\MiKTeX\tex/latex/epstopdf-pkg\e
pstopdf-base.sty
Package: epstopdf-base 2020-01-24 v2.11 Base part for package epstopdf
Package epstopdf-base Info: Redefining graphics rule for `.eps' on input line 4
85.

(C:\Program Files (x86)\Programmazione\Compiler\MiKTeX\tex/latex/00miktex\epsto
pdf-sys.cfg
File: epstopdf-sys.cfg 2021/03/18 v2.0 Configuration of epstopdf for MiKTeX
))
Package caption Info: Begin \AtBeginDocument code.
Package caption Info: float package is loaded.
Package caption Info: hyperref package is loaded.
Package caption Info: End \AtBeginDocument code.

*geometry* driver: auto-detecting
*geometry* detected driver: pdftex
*geometry* verbose mode - [ preamble ] result:
* driver: pdftex
* paper: <default>
* layout: <same size as paper>
* layoutoffset:(h,v)=(0.0pt,0.0pt)
* modes: 
* h-part:(L,W,R)=(108.405pt, 397.48499pt, 108.40501pt)
* v-part:(T,H,B)=(72.26999pt, 650.43pt, 72.27pt)
* \paperwidth=614.295pt
* \paperheight=794.96999pt
* \textwidth=397.48499pt
* \textheight=650.43pt
* \oddsidemargin=36.13501pt
* \evensidemargin=36.13501pt
* \topmargin=-37.0pt
* \headheight=12.0pt
* \headsep=25.0pt
* \topskip=10.0pt
* \footskip=30.0pt
* \marginparwidth=65.0pt
* \marginparsep=11.0pt
* \columnsep=10.0pt
* \skip\footins=9.0pt plus 4.0pt minus 2.0pt
* \hoffset=0.0pt
* \voffset=0.0pt
* \mag=1000
* \@twocolumnfalse
* \@twosidefalse
* \@mparswitchfalse
* \@reversemarginfalse
* (1in=72.27pt=25.4mm, 1cm=28.453pt)

Package hyperref Info: Link coloring ON on input line 57.

(E:/POLITO/Machine Learning And Pattern Recognition/Laboratory/auxil\report.out
)
(E:/POLITO/Machine Learning And Pattern Recognition/Laboratory/auxil\report.out
)
\@outlinefile=\write4
\openout4 = `report.out'.

\openout2 = `./MainPage/cover.aux'.

 (MainPage/cover.tex
LaTeX Font Info:    Trying to load font information for U+msa on input line 14.


(C:\Program Files (x86)\Programmazione\Compiler\MiKTeX\tex/latex/amsfonts\umsa.
fd
File: umsa.fd 2013/01/14 v3.01 AMS symbols A
)
LaTeX Font Info:    Trying to load font information for U+msb on input line 14.


(C:\Program Files (x86)\Programmazione\Compiler\MiKTeX\tex/latex/amsfonts\umsb.
fd
File: umsb.fd 2013/01/14 v3.01 AMS symbols B
)

[1


{C:/Users/anton/AppData/Local/MiKTeX/fonts/map/pdftex/pdftex.map}]
(E:/POLITO/Machine Learning And Pattern Recognition/Laboratory/auxil\report.toc
)
\tf@toc=\write5
\openout5 = `report.toc'.



[2]) (Lab/02. Lab 02/DatasetAnalysis.tex
<Lab/02. Lab 02/Images/01. Graphics Features 1_2 Without Mean.png, id=114, 722.
7pt x 722.7pt>
File: Lab/02. Lab 02/Images/01. Graphics Features 1_2 Without Mean.png Graphic 
file (type png)
<use Lab/02. Lab 02/Images/01. Graphics Features 1_2 Without Mean.png>
Package pdftex.def Info: Lab/02. Lab 02/Images/01. Graphics Features 1_2 Withou
t Mean.png  used on input line 24.
(pdftex.def)             Requested size: 158.99156pt x 158.98346pt.
<Lab/02. Lab 02/Images/02. Graphics Features 1_2 With Mean.png, id=116, 722.7pt
 x 722.7pt>
File: Lab/02. Lab 02/Images/02. Graphics Features 1_2 With Mean.png Graphic fil
e (type png)
<use Lab/02. Lab 02/Images/02. Graphics Features 1_2 With Mean.png>
Package pdftex.def Info: Lab/02. Lab 02/Images/02. Graphics Features 1_2 With M
ean.png  used on input line 29.
(pdftex.def)             Requested size: 158.99156pt x 158.98346pt.


[3


 <./Lab/02. Lab 02/Images/01. Graphics Features 1_2 Without Mean.png> <./Lab/02
. Lab 02/Images/02. Graphics Features 1_2 With Mean.png>]
<Lab/02. Lab 02/Images/03. Graphics Features 3_4 Without Mean.png, id=135, 722.
7pt x 722.7pt>
File: Lab/02. Lab 02/Images/03. Graphics Features 3_4 Without Mean.png Graphic 
file (type png)
<use Lab/02. Lab 02/Images/03. Graphics Features 3_4 Without Mean.png>
Package pdftex.def Info: Lab/02. Lab 02/Images/03. Graphics Features 3_4 Withou
t Mean.png  used on input line 55.
(pdftex.def)             Requested size: 158.99156pt x 158.98346pt.
<Lab/02. Lab 02/Images/04. Graphics Features 3_4 With Mean.png, id=136, 722.7pt
 x 722.7pt>
File: Lab/02. Lab 02/Images/04. Graphics Features 3_4 With Mean.png Graphic fil
e (type png)
<use Lab/02. Lab 02/Images/04. Graphics Features 3_4 With Mean.png>
Package pdftex.def Info: Lab/02. Lab 02/Images/04. Graphics Features 3_4 With M
ean.png  used on input line 60.
(pdftex.def)             Requested size: 158.99156pt x 158.98346pt.
<Lab/02. Lab 02/Images/05. Graphics Features 5_6 Without Mean.png, id=140, 722.
7pt x 722.7pt>
File: Lab/02. Lab 02/Images/05. Graphics Features 5_6 Without Mean.png Graphic 
file (type png)
<use Lab/02. Lab 02/Images/05. Graphics Features 5_6 Without Mean.png>
Package pdftex.def Info: Lab/02. Lab 02/Images/05. Graphics Features 5_6 Withou
t Mean.png  used on input line 86.
(pdftex.def)             Requested size: 158.99156pt x 158.98346pt.
<Lab/02. Lab 02/Images/06. Graphics Features 5_6 With Mean.png, id=141, 722.7pt
 x 722.7pt>
File: Lab/02. Lab 02/Images/06. Graphics Features 5_6 With Mean.png Graphic fil
e (type png)
<use Lab/02. Lab 02/Images/06. Graphics Features 5_6 With Mean.png>
Package pdftex.def Info: Lab/02. Lab 02/Images/06. Graphics Features 5_6 With M
ean.png  used on input line 91.
(pdftex.def)             Requested size: 158.99156pt x 158.98346pt.
)
(Lab/03. Lab 03/DimensionalityReduction.tex

[4 <./Lab/02. Lab 02/Images/03. Graphics Features 3_4 Without Mean.png> <./Lab/
02. Lab 02/Images/04. Graphics Features 3_4 With Mean.png>]
<Lab/03. Lab 03/Images/01. PercentageVariance_NumberOfComponents.png, id=152, 6
42.4pt x 481.8pt>
File: Lab/03. Lab 03/Images/01. PercentageVariance_NumberOfComponents.png Graph
ic file (type png)
<use Lab/03. Lab 03/Images/01. PercentageVariance_NumberOfComponents.png>
Package pdftex.def Info: Lab/03. Lab 03/Images/01. PercentageVariance_NumberOfC
omponents.png  used on input line 37.
(pdftex.def)             Requested size: 198.7425pt x 149.05502pt.


LaTeX Warning: `!h' float specifier changed to `!ht'.



[5 <./Lab/02. Lab 02/Images/05. Graphics Features 5_6 Without Mean.png> <./Lab/
02. Lab 02/Images/06. Graphics Features 5_6 With Mean.png>]
<Lab/03. Lab 03/Images/02. PVA_LDA.png, id=168, 2007.5pt x 2007.5pt>
File: Lab/03. Lab 03/Images/02. PVA_LDA.png Graphic file (type png)
<use Lab/03. Lab 03/Images/02. PVA_LDA.png>
Package pdftex.def Info: Lab/03. Lab 03/Images/02. PVA_LDA.png  used on input l
ine 76.
(pdftex.def)             Requested size: 198.7425pt x 198.74005pt.
)
(Lab/04. Lab 04/MultivariateGaussianDensity.tex

[6 <./Lab/03. Lab 03/Images/01. PercentageVariance_NumberOfComponents.png (PNG 
copy)> <./Lab/03. Lab 03/Images/02. PVA_LDA.png (PNG copy)>]
<Lab/04. Lab 04/Images/01. GaussianDensity.png, id=180, 2007.5pt x 1003.75pt>
File: Lab/04. Lab 04/Images/01. GaussianDensity.png Graphic file (type png)
<use Lab/04. Lab 04/Images/01. GaussianDensity.png>
Package pdftex.def Info: Lab/04. Lab 04/Images/01. GaussianDensity.png  used on
 input line 23.
(pdftex.def)             Requested size: 397.48499pt x 198.74005pt.
)
(Lab/05. Lab 05/Model evaluation for classification.tex

[7 <./Lab/04. Lab 04/Images/01. GaussianDensity.png (PNG copy)>]

Lab/05. Lab 05/Model evaluation for classification.tex:13: LaTeX Error: Bad mat
h environment delimiter.

See the LaTeX manual or LaTeX Companion for explanation.
Type  H <return>  for immediate help.
 ...                                              
                                                  
l.13     \(
           (\pi_T, C_{fn}, C_{fp})\)
Your command was ignored.
Type  I <command> <return>  to replace it with another command,
or  <return>  to continue without it.


Lab/05. Lab 05/Model evaluation for classification.tex:13: LaTeX Error: Bad mat
h environment delimiter.

See the LaTeX manual or LaTeX Companion for explanation.
Type  H <return>  for immediate help.
 ...                                              
                                                  
l.13     \((\pi_T, C_{fn}, C_{fp})\)
                                    
Your command was ignored.
Type  I <command> <return>  to replace it with another command,
or  <return>  to continue without it.


Lab/05. Lab 05/Model evaluation for classification.tex:22: LaTeX Error: Bad mat
h environment delimiter.

See the LaTeX manual or LaTeX Companion for explanation.
Type  H <return>  for immediate help.
 ...                                              
                                                  
l.22     \(
           (\tilde{\pi}, C_{fn}, C_{fp})\) = \((\tilde{\pi}, 1, 1)\)
Your command was ignored.
Type  I <command> <return>  to replace it with another command,
or  <return>  to continue without it.


Lab/05. Lab 05/Model evaluation for classification.tex:22: LaTeX Error: Bad mat
h environment delimiter.

See the LaTeX manual or LaTeX Companion for explanation.
Type  H <return>  for immediate help.
 ...                                              
                                                  
l.22     \((\tilde{\pi}, C_{fn}, C_{fp})\)
                                           = \((\tilde{\pi}, 1, 1)\)
Your command was ignored.
Type  I <command> <return>  to replace it with another command,
or  <return>  to continue without it.


Lab/05. Lab 05/Model evaluation for classification.tex:22: LaTeX Error: Bad mat
h environment delimiter.

See the LaTeX manual or LaTeX Companion for explanation.
Type  H <return>  for immediate help.
 ...                                              
                                                  
l.22     \((\tilde{\pi}, C_{fn}, C_{fp})\) = \(
                                               (\tilde{\pi}, 1, 1)\)
Your command was ignored.
Type  I <command> <return>  to replace it with another command,
or  <return>  to continue without it.


Lab/05. Lab 05/Model evaluation for classification.tex:22: LaTeX Error: Bad mat
h environment delimiter.

See the LaTeX manual or LaTeX Companion for explanation.
Type  H <return>  for immediate help.
 ...                                              
                                                  
l.22 ..._{fn}, C_{fp})\) = \((\tilde{\pi}, 1, 1)\)
                                                  
Your command was ignored.
Type  I <command> <return>  to replace it with another command,
or  <return>  to continue without it.

) (Lab/05. Lab 05/ClassificationModels.tex

[8]
Lab/05. Lab 05/ClassificationModels.tex:38: Undefined control sequence.
l.38 ...s based on a comparison between the \(\llr
                                                  \) and a threshold \(\th\),
The control sequence at the end of the top line
of your error message was never \def'ed. If you have
misspelled it (e.g., `\hobx'), type `I' and the correct
spelling (e.g., `I\hbox'). Otherwise just continue,
and I'll forget about whatever was undefined.


LaTeX Warning: Command \th invalid in math mode on input line 38.


Lab/05. Lab 05/ClassificationModels.tex:38: LaTeX Error: Command \th unavailabl
e in encoding OT1.

See the LaTeX manual or LaTeX Companion for explanation.
Type  H <return>  for immediate help.
 ...                                              
                                                  
l.38 ...between the \(\llr\) and a threshold \(\th
                                                  \),
Your command was ignored.
Type  I <command> <return>  to replace it with another command,
or  <return>  to continue without it.



[9]

[10]) (Lab/07. Lab 07/PerformanceClassifier.tex

[11]

[12]
<Lab/07. Lab 07/Images/01. MVG.png, id=248, 642.4pt x 481.8pt>
File: Lab/07. Lab 07/Images/01. MVG.png Graphic file (type png)
<use Lab/07. Lab 07/Images/01. MVG.png>
Package pdftex.def Info: Lab/07. Lab 07/Images/01. MVG.png  used on input line 
146.
(pdftex.def)             Requested size: 119.2467pt x 89.43301pt.
<Lab/07. Lab 07/Images/02. Naive Bayes.png, id=249, 642.4pt x 481.8pt>
File: Lab/07. Lab 07/Images/02. Naive Bayes.png Graphic file (type png)
<use Lab/07. Lab 07/Images/02. Naive Bayes.png>
Package pdftex.def Info: Lab/07. Lab 07/Images/02. Naive Bayes.png  used on inp
ut line 151.
(pdftex.def)             Requested size: 119.2467pt x 89.43301pt.
<Lab/07. Lab 07/Images/03. Tied.png, id=250, 642.4pt x 481.8pt>
File: Lab/07. Lab 07/Images/03. Tied.png Graphic file (type png)
<use Lab/07. Lab 07/Images/03. Tied.png>
Package pdftex.def Info: Lab/07. Lab 07/Images/03. Tied.png  used on input line
 156.
(pdftex.def)             Requested size: 119.2467pt x 89.43301pt.
) (Lab/08. Lab 08/LogisticRegressionClassifier.tex

[13 <./Lab/07. Lab 07/Images/01. MVG.png> <./Lab/07. Lab 07/Images/02. Naive Ba
yes.png> <./Lab/07. Lab 07/Images/03. Tied.png>]
<Lab/08. Lab 08/Images/01. BLR - minDCF.png, id=266, 642.4pt x 481.8pt>
File: Lab/08. Lab 08/Images/01. BLR - minDCF.png Graphic file (type png)
<use Lab/08. Lab 08/Images/01. BLR - minDCF.png>
Package pdftex.def Info: Lab/08. Lab 08/Images/01. BLR - minDCF.png  used on in
put line 57.
(pdftex.def)             Requested size: 158.99156pt x 119.24402pt.
<Lab/08. Lab 08/Images/02. BLR - actDCF.png, id=267, 642.4pt x 481.8pt>
File: Lab/08. Lab 08/Images/02. BLR - actDCF.png Graphic file (type png)
<use Lab/08. Lab 08/Images/02. BLR - actDCF.png>
Package pdftex.def Info: Lab/08. Lab 08/Images/02. BLR - actDCF.png  used on in
put line 61.
(pdftex.def)             Requested size: 158.99156pt x 119.24402pt.
<Lab/08. Lab 08/Images/03. BLR - min And actDCF.png, id=268, 642.4pt x 481.8pt>

File: Lab/08. Lab 08/Images/03. BLR - min And actDCF.png Graphic file (type png
)
<use Lab/08. Lab 08/Images/03. BLR - min And actDCF.png>
Package pdftex.def Info: Lab/08. Lab 08/Images/03. BLR - min And actDCF.png  us
ed on input line 65.
(pdftex.def)             Requested size: 158.99156pt x 119.24402pt.
<Lab/08. Lab 08/Images/04. BLR - minAnd actDCF - ZNormalized.png, id=269, 642.4
pt x 481.8pt>
File: Lab/08. Lab 08/Images/04. BLR - minAnd actDCF - ZNormalized.png Graphic f
ile (type png)
<use Lab/08. Lab 08/Images/04. BLR - minAnd actDCF - ZNormalized.png>
Package pdftex.def Info: Lab/08. Lab 08/Images/04. BLR - minAnd actDCF - ZNorma
lized.png  used on input line 69.
(pdftex.def)             Requested size: 158.99156pt x 119.24402pt.
<Lab/08. Lab 08/Images/05. BLR - minDCF 50 Samples.png, id=270, 642.4pt x 481.8
pt>
File: Lab/08. Lab 08/Images/05. BLR - minDCF 50 Samples.png Graphic file (type 
png)
<use Lab/08. Lab 08/Images/05. BLR - minDCF 50 Samples.png>
Package pdftex.def Info: Lab/08. Lab 08/Images/05. BLR - minDCF 50 Samples.png 
 used on input line 79.
(pdftex.def)             Requested size: 158.99156pt x 119.24402pt.
<Lab/08. Lab 08/Images/06. BLR - actDCF 50 Samples.png, id=271, 642.4pt x 481.8
pt>
File: Lab/08. Lab 08/Images/06. BLR - actDCF 50 Samples.png Graphic file (type 
png)
<use Lab/08. Lab 08/Images/06. BLR - actDCF 50 Samples.png>
Package pdftex.def Info: Lab/08. Lab 08/Images/06. BLR - actDCF 50 Samples.png 
 used on input line 83.
(pdftex.def)             Requested size: 158.99156pt x 119.24402pt.
<Lab/08. Lab 08/Images/07. BLR - minAndactDCF 50 Samples.png, id=272, 642.4pt x
 481.8pt>
File: Lab/08. Lab 08/Images/07. BLR - minAndactDCF 50 Samples.png Graphic file 
(type png)
<use Lab/08. Lab 08/Images/07. BLR - minAndactDCF 50 Samples.png>
Package pdftex.def Info: Lab/08. Lab 08/Images/07. BLR - minAndactDCF 50 Sample
s.png  used on input line 87.
(pdftex.def)             Requested size: 158.99156pt x 119.24402pt.
<Lab/08. Lab 08/Images/08. BLR - minAndactDCF 50 Samples - ZNormalized.png, id=
273, 642.4pt x 481.8pt>
File: Lab/08. Lab 08/Images/08. BLR - minAndactDCF 50 Samples - ZNormalized.png
 Graphic file (type png)
<use Lab/08. Lab 08/Images/08. BLR - minAndactDCF 50 Samples - ZNormalized.png>

Package pdftex.def Info: Lab/08. Lab 08/Images/08. BLR - minAndactDCF 50 Sample
s - ZNormalized.png  used on input line 91.
(pdftex.def)             Requested size: 158.99156pt x 119.24402pt.


LaTeX Warning: `!h' float specifier changed to `!ht'.


LaTeX Warning: `!h' float specifier changed to `!ht'.



[14 <./Lab/08. Lab 08/Images/01. BLR - minDCF.png> <./Lab/08. Lab 08/Images/02.
 BLR - actDCF.png> <./Lab/08. Lab 08/Images/03. BLR - min And actDCF.png> <./La
b/08. Lab 08/Images/04. BLR - minAnd actDCF - ZNormalized.png>]

[15 <./Lab/08. Lab 08/Images/05. BLR - minDCF 50 Samples.png> <./Lab/08. Lab 08
/Images/06. BLR - actDCF 50 Samples.png> <./Lab/08. Lab 08/Images/07. BLR - min
AndactDCF 50 Samples.png> <./Lab/08. Lab 08/Images/08. BLR - minAndactDCF 50 Sa
mples - ZNormalized.png>]
<Lab/08. Lab 08/Images/09. PW - minDCF.png, id=297, 642.4pt x 481.8pt>
File: Lab/08. Lab 08/Images/09. PW - minDCF.png Graphic file (type png)
<use Lab/08. Lab 08/Images/09. PW - minDCF.png>
Package pdftex.def Info: Lab/08. Lab 08/Images/09. PW - minDCF.png  used on inp
ut line 159.
(pdftex.def)             Requested size: 119.2467pt x 89.43301pt.
<Lab/08. Lab 08/Images/10. PW - actDCF.png, id=298, 642.4pt x 481.8pt>
File: Lab/08. Lab 08/Images/10. PW - actDCF.png Graphic file (type png)
<use Lab/08. Lab 08/Images/10. PW - actDCF.png>
Package pdftex.def Info: Lab/08. Lab 08/Images/10. PW - actDCF.png  used on inp
ut line 163.
(pdftex.def)             Requested size: 119.2467pt x 89.43301pt.
<Lab/08. Lab 08/Images/11. PW - minAndActDCF.png, id=299, 642.4pt x 481.8pt>
File: Lab/08. Lab 08/Images/11. PW - minAndActDCF.png Graphic file (type png)
<use Lab/08. Lab 08/Images/11. PW - minAndActDCF.png>
Package pdftex.def Info: Lab/08. Lab 08/Images/11. PW - minAndActDCF.png  used 
on input line 167.
(pdftex.def)             Requested size: 119.2467pt x 89.43301pt.

Underfull \hbox (badness 10000) in paragraph at lines 195--202

 []

<Lab/08. Lab 08/Images/12. BLR - PCA m=5 Z-norm.png, id=303, 642.4pt x 481.8pt>

File: Lab/08. Lab 08/Images/12. BLR - PCA m=5 Z-norm.png Graphic file (type png
)
<use Lab/08. Lab 08/Images/12. BLR - PCA m=5 Z-norm.png>
Package pdftex.def Info: Lab/08. Lab 08/Images/12. BLR - PCA m=5 Z-norm.png  us
ed on input line 210.
(pdftex.def)             Requested size: 119.2467pt x 89.43301pt.
<Lab/08. Lab 08/Images/13. BLR - PCA m=6 Z-norm.png, id=304, 642.4pt x 481.8pt>

File: Lab/08. Lab 08/Images/13. BLR - PCA m=6 Z-norm.png Graphic file (type png
)
<use Lab/08. Lab 08/Images/13. BLR - PCA m=6 Z-norm.png>
Package pdftex.def Info: Lab/08. Lab 08/Images/13. BLR - PCA m=6 Z-norm.png  us
ed on input line 214.
(pdftex.def)             Requested size: 119.2467pt x 89.43301pt.

LaTeX Warning: `!h' float specifier changed to `!ht'.


LaTeX Warning: `!h' float specifier changed to `!ht'.



[16 <./Lab/08. Lab 08/Images/09. PW - minDCF.png> <./Lab/08. Lab 08/Images/10. 
PW - actDCF.png> <./Lab/08. Lab 08/Images/11. PW - minAndActDCF.png>]
<Lab/08. Lab 08/Images/14. QLR - minDCF.png, id=318, 642.4pt x 481.8pt>
File: Lab/08. Lab 08/Images/14. QLR - minDCF.png Graphic file (type png)
<use Lab/08. Lab 08/Images/14. QLR - minDCF.png>
Package pdftex.def Info: Lab/08. Lab 08/Images/14. QLR - minDCF.png  used on in
put line 287.
(pdftex.def)             Requested size: 119.2467pt x 89.43301pt.
<Lab/08. Lab 08/Images/15. QLR - actDCF.png, id=319, 642.4pt x 481.8pt>
File: Lab/08. Lab 08/Images/15. QLR - actDCF.png Graphic file (type png)
<use Lab/08. Lab 08/Images/15. QLR - actDCF.png>
Package pdftex.def Info: Lab/08. Lab 08/Images/15. QLR - actDCF.png  used on in
put line 291.
(pdftex.def)             Requested size: 119.2467pt x 89.43301pt.
<Lab/08. Lab 08/Images/16. QLR - min And ActDCF.png, id=320, 642.4pt x 481.8pt>

File: Lab/08. Lab 08/Images/16. QLR - min And ActDCF.png Graphic file (type png
)
<use Lab/08. Lab 08/Images/16. QLR - min And ActDCF.png>
Package pdftex.def Info: Lab/08. Lab 08/Images/16. QLR - min And ActDCF.png  us
ed on input line 295.
(pdftex.def)             Requested size: 119.2467pt x 89.43301pt.


LaTeX Warning: `!h' float specifier changed to `!ht'.


LaTeX Warning: `!h' float specifier changed to `!ht'.



[17 <./Lab/08. Lab 08/Images/12. BLR - PCA m=5 Z-norm.png> <./Lab/08. Lab 08/Im
ages/13. BLR - PCA m=6 Z-norm.png>]) (Lab/09. Lab 09/SupportVectorMachines.tex

[18 <./Lab/08. Lab 08/Images/14. QLR - minDCF.png> <./Lab/08. Lab 08/Images/15.
 QLR - actDCF.png> <./Lab/08. Lab 08/Images/16. QLR - min And ActDCF.png>])

[19]
(E:/POLITO/Machine Learning And Pattern Recognition/Laboratory/auxil\report.aux
(MainPage/cover.aux))
 ***********
LaTeX2e <2024-06-01> patch level 2
L3 programming layer <2024-07-20>
 ***********
Package rerunfilecheck Info: File `report.out' has not changed.
(rerunfilecheck)             Checksum: 1F815AE6899BB3218B03E1C9EDD81E66;3324.
 ) 
Here is how much of TeX's memory you used:
 28191 strings out of 473899
 562339 string characters out of 5722245
 1956960 words of memory out of 5000000
 50438 multiletter control sequences out of 15000+600000
 568139 words of font info for 74 fonts, out of 8000000 for 9000
 1141 hyphenation exceptions out of 8191
 98i,12n,101p,545b,739s stack positions out of 10000i,1000n,20000p,200000b,200000s
 <C:\Users\anton\AppData\Local\MiKTeX\fonts/pk/ljfour/jknappen/ec/dpi600\tcrm
1000.pk><C:/Program Files (x86)/Programmazione/Compiler/MiKTeX/fonts/type1/publ
ic/amsfonts/cm/cmbx10.pfb><C:/Program Files (x86)/Programmazione/Compiler/MiKTe
X/fonts/type1/public/amsfonts/cm/cmbx12.pfb><C:/Program Files (x86)/Programmazi
one/Compiler/MiKTeX/fonts/type1/public/amsfonts/cm/cmex10.pfb><C:/Program Files
 (x86)/Programmazione/Compiler/MiKTeX/fonts/type1/public/amsfonts/cm/cmmi10.pfb
><C:/Program Files (x86)/Programmazione/Compiler/MiKTeX/fonts/type1/public/amsf
onts/cm/cmmi5.pfb><C:/Program Files (x86)/Programmazione/Compiler/MiKTeX/fonts/
type1/public/amsfonts/cm/cmmi7.pfb><C:/Program Files (x86)/Programmazione/Compi
ler/MiKTeX/fonts/type1/public/amsfonts/cm/cmr10.pfb><C:/Program Files (x86)/Pro
grammazione/Compiler/MiKTeX/fonts/type1/public/amsfonts/cm/cmr12.pfb><C:/Progra
m Files (x86)/Programmazione/Compiler/MiKTeX/fonts/type1/public/amsfonts/cm/cmr
5.pfb><C:/Program Files (x86)/Programmazione/Compiler/MiKTeX/fonts/type1/public
/amsfonts/cm/cmr7.pfb><C:/Program Files (x86)/Programmazione/Compiler/MiKTeX/fo
nts/type1/public/amsfonts/cm/cmr9.pfb><C:/Program Files (x86)/Programmazione/Co
mpiler/MiKTeX/fonts/type1/public/amsfonts/cm/cmsy10.pfb><C:/Program Files (x86)
/Programmazione/Compiler/MiKTeX/fonts/type1/public/amsfonts/cm/cmsy5.pfb><C:/Pr
ogram Files (x86)/Programmazione/Compiler/MiKTeX/fonts/type1/public/amsfonts/cm
/cmsy7.pfb><C:/Program Files (x86)/Programmazione/Compiler/MiKTeX/fonts/type1/p
ublic/amsfonts/cm/cmti10.pfb><C:/Program Files (x86)/Programmazione/Compiler/Mi
KTeX/fonts/type1/public/amsfonts/symbols/msam10.pfb>
Output written on "E:/POLITO\Machine Learning And Pattern Recognition\Laborator
y\auxil\report.pdf" (19 pages, 2990605 bytes).
PDF statistics:
 449 PDF objects out of 1000 (max. 8388607)
 97 named destinations out of 1000 (max. 500000)
 297 words of extra memory for PDF output out of 10000 (max. 10000000)

