This is pdfTeX, Version 3.141592653-2.6-1.40.26 (TeX Live 2024/Arch Linux) (preloaded format=pdflatex 2024.5.28)  8 SEP 2024 16:45
entering extended mode
 restricted \write18 enabled.
 file:line:error style messages enabled.
 %&-line parsing enabled.
**report.tex
(./report.tex
LaTeX2e <2023-11-01> patch level 1
L3 programming layer <2024-02-20>
(/usr/share/texmf-dist/tex/latex/base/article.cls
Document Class: article 2023/05/17 v1.4n Standard LaTeX document class
(/usr/share/texmf-dist/tex/latex/base/size10.clo
File: size10.clo 2023/05/17 v1.4n Standard LaTeX file (size option)
)
\c@part=\count188
\c@section=\count189
\c@subsection=\count190
\c@subsubsection=\count191
\c@paragraph=\count192
\c@subparagraph=\count193
\c@figure=\count194
\c@table=\count195
\abovecaptionskip=\skip48
\belowcaptionskip=\skip49
\bibindent=\dimen140
)
(/usr/share/texmf-dist/tex/latex/geometry/geometry.sty
Package: geometry 2020/01/02 v5.9 Page Geometry

(/usr/share/texmf-dist/tex/latex/graphics/keyval.sty
Package: keyval 2022/05/29 v1.15 key=value parser (DPC)
\KV@toks@=\toks17
)
(/usr/share/texmf-dist/tex/generic/iftex/ifvtex.sty
Package: ifvtex 2019/10/25 v1.7 ifvtex legacy package. Use iftex instead.

(/usr/share/texmf-dist/tex/generic/iftex/iftex.sty
Package: iftex 2022/02/03 v1.0f TeX engine tests
))
\Gm@cnth=\count196
\Gm@cntv=\count197
\c@Gm@tempcnt=\count198
\Gm@bindingoffset=\dimen141
\Gm@wd@mp=\dimen142
\Gm@odd@mp=\dimen143
\Gm@even@mp=\dimen144
\Gm@layoutwidth=\dimen145
\Gm@layoutheight=\dimen146
\Gm@layouthoffset=\dimen147
\Gm@layoutvoffset=\dimen148
\Gm@dimlist=\toks18


Package geometry Warning: Over-specification in `h'-direction.
    `width' (483.69684pt) is ignored.

) (/usr/share/texmf-dist/tex/latex/amsmath/amsmath.sty
Package: amsmath 2023/05/13 v2.17o AMS math features
\@mathmargin=\skip50

For additional information on amsmath, use the `?' option.
(/usr/share/texmf-dist/tex/latex/amsmath/amstext.sty
Package: amstext 2021/08/26 v2.01 AMS text

(/usr/share/texmf-dist/tex/latex/amsmath/amsgen.sty
File: amsgen.sty 1999/11/30 v2.0 generic functions
\@emptytoks=\toks19
\ex@=\dimen149
))
(/usr/share/texmf-dist/tex/latex/amsmath/amsbsy.sty
Package: amsbsy 1999/11/29 v1.2d Bold Symbols
\pmbraise@=\dimen150
)
(/usr/share/texmf-dist/tex/latex/amsmath/amsopn.sty
Package: amsopn 2022/04/08 v2.04 operator names
)
\inf@bad=\count199
LaTeX Info: Redefining \frac on input line 234.
\uproot@=\count266
\leftroot@=\count267
LaTeX Info: Redefining \overline on input line 399.
LaTeX Info: Redefining \colon on input line 410.
\classnum@=\count268
\DOTSCASE@=\count269
LaTeX Info: Redefining \ldots on input line 496.
LaTeX Info: Redefining \dots on input line 499.
LaTeX Info: Redefining \cdots on input line 620.
\Mathstrutbox@=\box51
\strutbox@=\box52
LaTeX Info: Redefining \big on input line 722.
LaTeX Info: Redefining \Big on input line 723.
LaTeX Info: Redefining \bigg on input line 724.
LaTeX Info: Redefining \Bigg on input line 725.
\big@size=\dimen151
LaTeX Font Info:    Redeclaring font encoding OML on input line 743.
LaTeX Font Info:    Redeclaring font encoding OMS on input line 744.
\macc@depth=\count270
LaTeX Info: Redefining \bmod on input line 905.
LaTeX Info: Redefining \pmod on input line 910.
LaTeX Info: Redefining \smash on input line 940.
LaTeX Info: Redefining \relbar on input line 970.
LaTeX Info: Redefining \Relbar on input line 971.
\c@MaxMatrixCols=\count271
\dotsspace@=\muskip16
\c@parentequation=\count272
\dspbrk@lvl=\count273
\tag@help=\toks20
\row@=\count274
\column@=\count275
\maxfields@=\count276
\andhelp@=\toks21
\eqnshift@=\dimen152
\alignsep@=\dimen153
\tagshift@=\dimen154
\tagwidth@=\dimen155
\totwidth@=\dimen156
\lineht@=\dimen157
\@envbody=\toks22
\multlinegap=\skip51
\multlinetaggap=\skip52
\mathdisplay@stack=\toks23
LaTeX Info: Redefining \[ on input line 2953.
LaTeX Info: Redefining \] on input line 2954.
)
(/usr/share/texmf-dist/tex/latex/amscls/amsthm.sty
Package: amsthm 2020/05/29 v2.20.6
\thm@style=\toks24
\thm@bodyfont=\toks25
\thm@headfont=\toks26
\thm@notefont=\toks27
\thm@headpunct=\toks28
\thm@preskip=\skip53
\thm@postskip=\skip54
\thm@headsep=\skip55
\dth@everypar=\toks29
)
(/usr/share/texmf-dist/tex/latex/amsfonts/amssymb.sty
Package: amssymb 2013/01/14 v3.01 AMS font symbols

(/usr/share/texmf-dist/tex/latex/amsfonts/amsfonts.sty
Package: amsfonts 2013/01/14 v3.01 Basic AMSFonts support
\symAMSa=\mathgroup4
\symAMSb=\mathgroup5
LaTeX Font Info:    Redeclaring math symbol \hbar on input line 98.
LaTeX Font Info:    Overwriting math alphabet `\mathfrak' in version `bold'
(Font)                  U/euf/m/n --> U/euf/b/n on input line 106.
))
(/usr/share/texmf-dist/tex/latex/thmtools/thmtools.sty
Package: thmtools 2023/05/04 v0.76
\thmt@toks=\toks30
\c@thmt@dummyctr=\count277

(/usr/share/texmf-dist/tex/latex/thmtools/thm-patch.sty
Package: thm-patch 2023/05/04 v0.76

(/usr/share/texmf-dist/tex/latex/thmtools/parseargs.sty
Package: parseargs 2023/05/04 v0.76
\@parsespec=\toks31
))
(/usr/share/texmf-dist/tex/latex/thmtools/thm-kv.sty
Package: thm-kv 2023/05/04 v0.76
Package thm-kv Info: Theorem names will be uppercased on input line 42.

(/usr/share/texmf-dist/tex/latex/kvsetkeys/kvsetkeys.sty
Package: kvsetkeys 2022-10-05 v1.19 Key value parser (HO)
)
Package thm-kv Info: kvsetkeys patch (v1.16 or later) on input line 158.
)
(/usr/share/texmf-dist/tex/latex/thmtools/thm-autoref.sty
Package: thm-autoref 2023/05/04 v0.76

(/usr/share/texmf-dist/tex/latex/thmtools/aliasctr.sty
Package: aliasctr 2023/05/04 v0.76
))
(/usr/share/texmf-dist/tex/latex/thmtools/thm-listof.sty
Package: thm-listof 2023/05/04 v0.76
)
(/usr/share/texmf-dist/tex/latex/thmtools/thm-restate.sty
Package: thm-restate 2023/05/04 v0.76
)
(/usr/share/texmf-dist/tex/latex/thmtools/thm-amsthm.sty
Package: thm-amsthm 2023/05/04 v0.76
\thmt@style@headstyle=\toks32
))
(/usr/share/texmf-dist/tex/latex/graphics/graphicx.sty
Package: graphicx 2021/09/16 v1.2d Enhanced LaTeX Graphics (DPC,SPQR)

(/usr/share/texmf-dist/tex/latex/graphics/graphics.sty
Package: graphics 2022/03/10 v1.4e Standard LaTeX Graphics (DPC,SPQR)

(/usr/share/texmf-dist/tex/latex/graphics/trig.sty
Package: trig 2021/08/11 v1.11 sin cos tan (DPC)
)
(/usr/share/texmf-dist/tex/latex/graphics-cfg/graphics.cfg
File: graphics.cfg 2016/06/04 v1.11 sample graphics configuration
)
Package graphics Info: Driver file: pdftex.def on input line 107.

(/usr/share/texmf-dist/tex/latex/graphics-def/pdftex.def
File: pdftex.def 2022/09/22 v1.2b Graphics/color driver for pdftex
))
\Gin@req@height=\dimen158
\Gin@req@width=\dimen159
)
(/usr/share/texmf-dist/tex/latex/caption/caption.sty
Package: caption 2023/08/05 v3.6o Customizing captions (AR)

(/usr/share/texmf-dist/tex/latex/caption/caption3.sty
Package: caption3 2023/07/31 v2.4d caption3 kernel (AR)
\caption@tempdima=\dimen160
\captionmargin=\dimen161
\caption@leftmargin=\dimen162
\caption@rightmargin=\dimen163
\caption@width=\dimen164
\caption@indent=\dimen165
\caption@parindent=\dimen166
\caption@hangindent=\dimen167
Package caption Info: Standard document class detected.
)
\c@caption@flags=\count278
\c@continuedfloat=\count279
)
(/usr/share/texmf-dist/tex/latex/caption/subcaption.sty
Package: subcaption 2023/07/28 v1.6b Sub-captions (AR)
Package caption Info: New subtype `subfigure' on input line 238.
\c@subfigure=\count280
Package caption Info: New subtype `subtable' on input line 238.
\c@subtable=\count281
)
(/usr/share/texmf-dist/tex/latex/setspace/setspace.sty
Package: setspace 2022/12/04 v6.7b set line spacing
)
(/usr/share/texmf-dist/tex/latex/float/float.sty
Package: float 2001/11/08 v1.3d Float enhancements (AL)
\c@float@type=\count282
\float@exts=\toks33
\float@box=\box53
\@float@everytoks=\toks34
\@floatcapt=\box54
)
(/usr/share/texmf-dist/tex/latex/hyperref/hyperref.sty
Package: hyperref 2024-01-20 v7.01h Hypertext links for LaTeX

(/usr/share/texmf-dist/tex/generic/kvdefinekeys/kvdefinekeys.sty
Package: kvdefinekeys 2019-12-19 v1.6 Define keys (HO)
)
(/usr/share/texmf-dist/tex/generic/pdfescape/pdfescape.sty
Package: pdfescape 2019/12/09 v1.15 Implements pdfTeX's escape features (HO)

(/usr/share/texmf-dist/tex/generic/ltxcmds/ltxcmds.sty
Package: ltxcmds 2023-12-04 v1.26 LaTeX kernel commands for general use (HO)
)
(/usr/share/texmf-dist/tex/generic/pdftexcmds/pdftexcmds.sty
Package: pdftexcmds 2020-06-27 v0.33 Utility functions of pdfTeX for LuaTeX (HO
)

(/usr/share/texmf-dist/tex/generic/infwarerr/infwarerr.sty
Package: infwarerr 2019/12/03 v1.5 Providing info/warning/error messages (HO)
)
Package pdftexcmds Info: \pdf@primitive is available.
Package pdftexcmds Info: \pdf@ifprimitive is available.
Package pdftexcmds Info: \pdfdraftmode found.
))
(/usr/share/texmf-dist/tex/latex/hycolor/hycolor.sty
Package: hycolor 2020-01-27 v1.10 Color options for hyperref/bookmark (HO)
)
(/usr/share/texmf-dist/tex/latex/auxhook/auxhook.sty
Package: auxhook 2019-12-17 v1.6 Hooks for auxiliary files (HO)
)
(/usr/share/texmf-dist/tex/latex/hyperref/nameref.sty
Package: nameref 2023-11-26 v2.56 Cross-referencing by name of section

(/usr/share/texmf-dist/tex/latex/refcount/refcount.sty
Package: refcount 2019/12/15 v3.6 Data extraction from label references (HO)
)
(/usr/share/texmf-dist/tex/generic/gettitlestring/gettitlestring.sty
Package: gettitlestring 2019/12/15 v1.6 Cleanup title references (HO)

(/usr/share/texmf-dist/tex/latex/kvoptions/kvoptions.sty
Package: kvoptions 2022-06-15 v3.15 Key value format for package options (HO)
))
\c@section@level=\count283
)
(/usr/share/texmf-dist/tex/latex/etoolbox/etoolbox.sty
Package: etoolbox 2020/10/05 v2.5k e-TeX tools for LaTeX (JAW)
\etb@tempcnta=\count284
)
\@linkdim=\dimen168
\Hy@linkcounter=\count285
\Hy@pagecounter=\count286

(/usr/share/texmf-dist/tex/latex/hyperref/pd1enc.def
File: pd1enc.def 2024-01-20 v7.01h Hyperref: PDFDocEncoding definition (HO)
Now handling font encoding PD1 ...
... no UTF-8 mapping file for font encoding PD1
)
(/usr/share/texmf-dist/tex/generic/intcalc/intcalc.sty
Package: intcalc 2019/12/15 v1.3 Expandable calculations with integers (HO)
)
\Hy@SavedSpaceFactor=\count287

(/usr/share/texmf-dist/tex/latex/hyperref/puenc.def
File: puenc.def 2024-01-20 v7.01h Hyperref: PDF Unicode definition (HO)
Now handling font encoding PU ...
... no UTF-8 mapping file for font encoding PU
)
Package hyperref Info: Option `colorlinks' set `true' on input line 4062.
Package hyperref Info: Hyper figures OFF on input line 4179.
Package hyperref Info: Link nesting OFF on input line 4184.
Package hyperref Info: Hyper index ON on input line 4187.
Package hyperref Info: Plain pages OFF on input line 4194.
Package hyperref Info: Backreferencing OFF on input line 4199.
Package hyperref Info: Implicit mode ON; LaTeX internals redefined.
Package hyperref Info: Bookmarks ON on input line 4446.
\c@Hy@tempcnt=\count288

(/usr/share/texmf-dist/tex/latex/url/url.sty
\Urlmuskip=\muskip17
Package: url 2013/09/16  ver 3.4  Verb mode for urls, etc.
)
LaTeX Info: Redefining \url on input line 4784.
\XeTeXLinkMargin=\dimen169

(/usr/share/texmf-dist/tex/generic/bitset/bitset.sty
Package: bitset 2019/12/09 v1.3 Handle bit-vector datatype (HO)

(/usr/share/texmf-dist/tex/generic/bigintcalc/bigintcalc.sty
Package: bigintcalc 2019/12/15 v1.5 Expandable calculations on big integers (HO
)
))
\Fld@menulength=\count289
\Field@Width=\dimen170
\Fld@charsize=\dimen171
Package hyperref Info: Hyper figures OFF on input line 6063.
Package hyperref Info: Link nesting OFF on input line 6068.
Package hyperref Info: Hyper index ON on input line 6071.
Package hyperref Info: backreferencing OFF on input line 6078.
Package hyperref Info: Link coloring ON on input line 6081.
Package hyperref Info: Link coloring with OCG OFF on input line 6088.
Package hyperref Info: PDF/A mode OFF on input line 6093.

(/usr/share/texmf-dist/tex/latex/base/atbegshi-ltx.sty
Package: atbegshi-ltx 2021/01/10 v1.0c Emulation of the original atbegshi
package with kernel methods
)
\Hy@abspage=\count290
\c@Item=\count291
\c@Hfootnote=\count292
)
Package hyperref Info: Driver (autodetected): hpdftex.

(/usr/share/texmf-dist/tex/latex/hyperref/hpdftex.def
File: hpdftex.def 2024-01-20 v7.01h Hyperref driver for pdfTeX

(/usr/share/texmf-dist/tex/latex/base/atveryend-ltx.sty
Package: atveryend-ltx 2020/08/19 v1.0a Emulation of the original atveryend pac
kage
with kernel methods
)
\Fld@listcount=\count293
\c@bookmark@seq@number=\count294

(/usr/share/texmf-dist/tex/latex/rerunfilecheck/rerunfilecheck.sty
Package: rerunfilecheck 2022-07-10 v1.10 Rerun checks for auxiliary files (HO)

(/usr/share/texmf-dist/tex/generic/uniquecounter/uniquecounter.sty
Package: uniquecounter 2019/12/15 v1.4 Provide unlimited unique counter (HO)
)
Package uniquecounter Info: New unique counter `rerunfilecheck' on input line 2
85.
)
\Hy@SectionHShift=\skip56
)
(/usr/share/texmf-dist/tex/latex/base/inputenc.sty
Package: inputenc 2021/02/14 v1.3d Input encoding file
\inpenc@prehook=\toks35
\inpenc@posthook=\toks36
)
(/usr/share/texmf-dist/tex/generic/babel/babel.sty
Package: babel 2024/02/07 v24.2 The Babel package
\babel@savecnt=\count295
\U@D=\dimen172
\l@unhyphenated=\language5

(/usr/share/texmf-dist/tex/generic/babel/txtbabel.def)
\bbl@readstream=\read2
\bbl@dirlevel=\count296

(/usr/share/texmf-dist/tex/generic/babel-english/english.ldf
Language: english 2017/06/06 v3.3r English support from the babel system
Package babel Info: Hyphen rules for 'british' set to \l@english
(babel)             (\language0). Reported on input line 82.
Package babel Info: Hyphen rules for 'UKenglish' set to \l@english
(babel)             (\language0). Reported on input line 83.
Package babel Info: Hyphen rules for 'canadian' set to \l@english
(babel)             (\language0). Reported on input line 102.
Package babel Info: Hyphen rules for 'australian' set to \l@english
(babel)             (\language0). Reported on input line 105.
Package babel Info: Hyphen rules for 'newzealand' set to \l@english
(babel)             (\language0). Reported on input line 108.
))
(/usr/share/texmf-dist/tex/generic/babel/locale/en/babel-english.tex
Package babel Info: Importing font and identification data for english
(babel)             from babel-en.ini. Reported on input line 11.
)
(/usr/share/texmf-dist/tex/latex/framed/framed.sty
Package: framed 2011/10/22 v 0.96: framed or shaded text with page breaks
\OuterFrameSep=\skip57
\fb@frw=\dimen173
\fb@frh=\dimen174
\FrameRule=\dimen175
\FrameSep=\dimen176
)
(/usr/share/texmf-dist/tex/latex/xcolor/xcolor.sty
Package: xcolor 2023/11/15 v3.01 LaTeX color extensions (UK)

(/usr/share/texmf-dist/tex/latex/graphics-cfg/color.cfg
File: color.cfg 2016/01/02 v1.6 sample color configuration
)
Package xcolor Info: Driver file: pdftex.def on input line 274.

(/usr/share/texmf-dist/tex/latex/graphics/mathcolor.ltx)
Package xcolor Info: Model `cmy' substituted by `cmy0' on input line 1350.
Package xcolor Info: Model `hsb' substituted by `rgb' on input line 1354.
Package xcolor Info: Model `RGB' extended on input line 1366.
Package xcolor Info: Model `HTML' substituted by `rgb' on input line 1368.
Package xcolor Info: Model `Hsb' substituted by `hsb' on input line 1369.
Package xcolor Info: Model `tHsb' substituted by `hsb' on input line 1370.
Package xcolor Info: Model `HSB' substituted by `hsb' on input line 1371.
Package xcolor Info: Model `Gray' substituted by `gray' on input line 1372.
Package xcolor Info: Model `wave' substituted by `hsb' on input line 1373.
)
(/usr/share/texmf-dist/tex/latex/graphics/dvipsnam.def
File: dvipsnam.def 2016/06/17 v3.0m Driver-dependent file (DPC,SPQR)
)
(/usr/share/texmf-dist/tex/latex/tcolorbox/tcolorbox.sty
Package: tcolorbox 2024/01/10 version 6.2.0 text color boxes

(/usr/share/texmf-dist/tex/latex/pgf/basiclayer/pgf.sty
(/usr/share/texmf-dist/tex/latex/pgf/utilities/pgfrcs.sty
(/usr/share/texmf-dist/tex/generic/pgf/utilities/pgfutil-common.tex
\pgfutil@everybye=\toks37
\pgfutil@tempdima=\dimen177
\pgfutil@tempdimb=\dimen178
)
(/usr/share/texmf-dist/tex/generic/pgf/utilities/pgfutil-latex.def
\pgfutil@abb=\box55
)
(/usr/share/texmf-dist/tex/generic/pgf/utilities/pgfrcs.code.tex
(/usr/share/texmf-dist/tex/generic/pgf/pgf.revision.tex)
Package: pgfrcs 2023-01-15 v3.1.10 (3.1.10)
))
Package: pgf 2023-01-15 v3.1.10 (3.1.10)

(/usr/share/texmf-dist/tex/latex/pgf/basiclayer/pgfcore.sty
(/usr/share/texmf-dist/tex/latex/pgf/systemlayer/pgfsys.sty
(/usr/share/texmf-dist/tex/generic/pgf/systemlayer/pgfsys.code.tex
Package: pgfsys 2023-01-15 v3.1.10 (3.1.10)

(/usr/share/texmf-dist/tex/generic/pgf/utilities/pgfkeys.code.tex
\pgfkeys@pathtoks=\toks38
\pgfkeys@temptoks=\toks39

(/usr/share/texmf-dist/tex/generic/pgf/utilities/pgfkeyslibraryfiltered.code.te
x
\pgfkeys@tmptoks=\toks40
))
\pgf@x=\dimen179
\pgf@y=\dimen180
\pgf@xa=\dimen181
\pgf@ya=\dimen182
\pgf@xb=\dimen183
\pgf@yb=\dimen184
\pgf@xc=\dimen185
\pgf@yc=\dimen186
\pgf@xd=\dimen187
\pgf@yd=\dimen188
\w@pgf@writea=\write3
\r@pgf@reada=\read3
\c@pgf@counta=\count297
\c@pgf@countb=\count298
\c@pgf@countc=\count299
\c@pgf@countd=\count300
\t@pgf@toka=\toks41
\t@pgf@tokb=\toks42
\t@pgf@tokc=\toks43
\pgf@sys@id@count=\count301
 (/usr/share/texmf-dist/tex/generic/pgf/systemlayer/pgf.cfg
File: pgf.cfg 2023-01-15 v3.1.10 (3.1.10)
)
Driver file for pgf: pgfsys-pdftex.def

(/usr/share/texmf-dist/tex/generic/pgf/systemlayer/pgfsys-pdftex.def
File: pgfsys-pdftex.def 2023-01-15 v3.1.10 (3.1.10)

(/usr/share/texmf-dist/tex/generic/pgf/systemlayer/pgfsys-common-pdf.def
File: pgfsys-common-pdf.def 2023-01-15 v3.1.10 (3.1.10)
)))
(/usr/share/texmf-dist/tex/generic/pgf/systemlayer/pgfsyssoftpath.code.tex
File: pgfsyssoftpath.code.tex 2023-01-15 v3.1.10 (3.1.10)
\pgfsyssoftpath@smallbuffer@items=\count302
\pgfsyssoftpath@bigbuffer@items=\count303
)
(/usr/share/texmf-dist/tex/generic/pgf/systemlayer/pgfsysprotocol.code.tex
File: pgfsysprotocol.code.tex 2023-01-15 v3.1.10 (3.1.10)
))
(/usr/share/texmf-dist/tex/generic/pgf/basiclayer/pgfcore.code.tex
Package: pgfcore 2023-01-15 v3.1.10 (3.1.10)

(/usr/share/texmf-dist/tex/generic/pgf/math/pgfmath.code.tex
(/usr/share/texmf-dist/tex/generic/pgf/math/pgfmathutil.code.tex)
(/usr/share/texmf-dist/tex/generic/pgf/math/pgfmathparser.code.tex
\pgfmath@dimen=\dimen189
\pgfmath@count=\count304
\pgfmath@box=\box56
\pgfmath@toks=\toks44
\pgfmath@stack@operand=\toks45
\pgfmath@stack@operation=\toks46
)
(/usr/share/texmf-dist/tex/generic/pgf/math/pgfmathfunctions.code.tex)
(/usr/share/texmf-dist/tex/generic/pgf/math/pgfmathfunctions.basic.code.tex)
(/usr/share/texmf-dist/tex/generic/pgf/math/pgfmathfunctions.trigonometric.code
.tex)
(/usr/share/texmf-dist/tex/generic/pgf/math/pgfmathfunctions.random.code.tex)
(/usr/share/texmf-dist/tex/generic/pgf/math/pgfmathfunctions.comparison.code.te
x) (/usr/share/texmf-dist/tex/generic/pgf/math/pgfmathfunctions.base.code.tex)
(/usr/share/texmf-dist/tex/generic/pgf/math/pgfmathfunctions.round.code.tex)
(/usr/share/texmf-dist/tex/generic/pgf/math/pgfmathfunctions.misc.code.tex)
(/usr/share/texmf-dist/tex/generic/pgf/math/pgfmathfunctions.integerarithmetics
.code.tex) (/usr/share/texmf-dist/tex/generic/pgf/math/pgfmathcalc.code.tex)
(/usr/share/texmf-dist/tex/generic/pgf/math/pgfmathfloat.code.tex
\c@pgfmathroundto@lastzeros=\count305
))
(/usr/share/texmf-dist/tex/generic/pgf/math/pgfint.code.tex)
(/usr/share/texmf-dist/tex/generic/pgf/basiclayer/pgfcorepoints.code.tex
File: pgfcorepoints.code.tex 2023-01-15 v3.1.10 (3.1.10)
\pgf@picminx=\dimen190
\pgf@picmaxx=\dimen191
\pgf@picminy=\dimen192
\pgf@picmaxy=\dimen193
\pgf@pathminx=\dimen194
\pgf@pathmaxx=\dimen195
\pgf@pathminy=\dimen196
\pgf@pathmaxy=\dimen197
\pgf@xx=\dimen198
\pgf@xy=\dimen199
\pgf@yx=\dimen256
\pgf@yy=\dimen257
\pgf@zx=\dimen258
\pgf@zy=\dimen259
)
(/usr/share/texmf-dist/tex/generic/pgf/basiclayer/pgfcorepathconstruct.code.tex
File: pgfcorepathconstruct.code.tex 2023-01-15 v3.1.10 (3.1.10)
\pgf@path@lastx=\dimen260
\pgf@path@lasty=\dimen261
) (/usr/share/texmf-dist/tex/generic/pgf/basiclayer/pgfcorepathusage.code.tex
File: pgfcorepathusage.code.tex 2023-01-15 v3.1.10 (3.1.10)
\pgf@shorten@end@additional=\dimen262
\pgf@shorten@start@additional=\dimen263
)
(/usr/share/texmf-dist/tex/generic/pgf/basiclayer/pgfcorescopes.code.tex
File: pgfcorescopes.code.tex 2023-01-15 v3.1.10 (3.1.10)
\pgfpic=\box57
\pgf@hbox=\box58
\pgf@layerbox@main=\box59
\pgf@picture@serial@count=\count306
)
(/usr/share/texmf-dist/tex/generic/pgf/basiclayer/pgfcoregraphicstate.code.tex
File: pgfcoregraphicstate.code.tex 2023-01-15 v3.1.10 (3.1.10)
\pgflinewidth=\dimen264
)
(/usr/share/texmf-dist/tex/generic/pgf/basiclayer/pgfcoretransformations.code.t
ex
File: pgfcoretransformations.code.tex 2023-01-15 v3.1.10 (3.1.10)
\pgf@pt@x=\dimen265
\pgf@pt@y=\dimen266
\pgf@pt@temp=\dimen267
) (/usr/share/texmf-dist/tex/generic/pgf/basiclayer/pgfcorequick.code.tex
File: pgfcorequick.code.tex 2023-01-15 v3.1.10 (3.1.10)
)
(/usr/share/texmf-dist/tex/generic/pgf/basiclayer/pgfcoreobjects.code.tex
File: pgfcoreobjects.code.tex 2023-01-15 v3.1.10 (3.1.10)
)
(/usr/share/texmf-dist/tex/generic/pgf/basiclayer/pgfcorepathprocessing.code.te
x
File: pgfcorepathprocessing.code.tex 2023-01-15 v3.1.10 (3.1.10)
) (/usr/share/texmf-dist/tex/generic/pgf/basiclayer/pgfcorearrows.code.tex
File: pgfcorearrows.code.tex 2023-01-15 v3.1.10 (3.1.10)
\pgfarrowsep=\dimen268
)
(/usr/share/texmf-dist/tex/generic/pgf/basiclayer/pgfcoreshade.code.tex
File: pgfcoreshade.code.tex 2023-01-15 v3.1.10 (3.1.10)
\pgf@max=\dimen269
\pgf@sys@shading@range@num=\count307
\pgf@shadingcount=\count308
)
(/usr/share/texmf-dist/tex/generic/pgf/basiclayer/pgfcoreimage.code.tex
File: pgfcoreimage.code.tex 2023-01-15 v3.1.10 (3.1.10)
)
(/usr/share/texmf-dist/tex/generic/pgf/basiclayer/pgfcoreexternal.code.tex
File: pgfcoreexternal.code.tex 2023-01-15 v3.1.10 (3.1.10)
\pgfexternal@startupbox=\box60
)
(/usr/share/texmf-dist/tex/generic/pgf/basiclayer/pgfcorelayers.code.tex
File: pgfcorelayers.code.tex 2023-01-15 v3.1.10 (3.1.10)
)
(/usr/share/texmf-dist/tex/generic/pgf/basiclayer/pgfcoretransparency.code.tex
File: pgfcoretransparency.code.tex 2023-01-15 v3.1.10 (3.1.10)
) (/usr/share/texmf-dist/tex/generic/pgf/basiclayer/pgfcorepatterns.code.tex
File: pgfcorepatterns.code.tex 2023-01-15 v3.1.10 (3.1.10)
)
(/usr/share/texmf-dist/tex/generic/pgf/basiclayer/pgfcorerdf.code.tex
File: pgfcorerdf.code.tex 2023-01-15 v3.1.10 (3.1.10)
)))
(/usr/share/texmf-dist/tex/generic/pgf/modules/pgfmoduleshapes.code.tex
File: pgfmoduleshapes.code.tex 2023-01-15 v3.1.10 (3.1.10)
\pgfnodeparttextbox=\box61
)
(/usr/share/texmf-dist/tex/generic/pgf/modules/pgfmoduleplot.code.tex
File: pgfmoduleplot.code.tex 2023-01-15 v3.1.10 (3.1.10)
)
(/usr/share/texmf-dist/tex/latex/pgf/compatibility/pgfcomp-version-0-65.sty
Package: pgfcomp-version-0-65 2023-01-15 v3.1.10 (3.1.10)
\pgf@nodesepstart=\dimen270
\pgf@nodesepend=\dimen271
)
(/usr/share/texmf-dist/tex/latex/pgf/compatibility/pgfcomp-version-1-18.sty
Package: pgfcomp-version-1-18 2023-01-15 v3.1.10 (3.1.10)
))
(/usr/share/texmf-dist/tex/latex/tools/verbatim.sty
Package: verbatim 2023-11-06 v1.5v LaTeX2e package for verbatim enhancements
\every@verbatim=\toks47
\verbatim@line=\toks48
\verbatim@in@stream=\read4
)
(/usr/share/texmf-dist/tex/latex/environ/environ.sty
Package: environ 2014/05/04 v0.3 A new way to define environments

(/usr/share/texmf-dist/tex/latex/trimspaces/trimspaces.sty
Package: trimspaces 2009/09/17 v1.1 Trim spaces around a token list
))
\tcb@titlebox=\box62
\tcb@upperbox=\box63
\tcb@lowerbox=\box64
\tcb@phantombox=\box65
\c@tcbbreakpart=\count309
\c@tcblayer=\count310
\c@tcolorbox@number=\count311
\l__tcobox_tmpa_box=\box66
\l__tcobox_tmpa_dim=\dimen272
\tcb@temp=\box67
\tcb@temp=\box68
\tcb@temp=\box69
\tcb@temp=\box70
)
(/usr/share/texmf-dist/tex/latex/cite/cite.sty
LaTeX Info: Redefining \cite on input line 302.
LaTeX Info: Redefining \nocite on input line 332.
Package: cite 2015/02/27  v 5.5
)
(/usr/share/texmf-dist/tex/latex/booktabs/booktabs.sty
Package: booktabs 2020/01/12 v1.61803398 Publication quality tables
\heavyrulewidth=\dimen273
\lightrulewidth=\dimen274
\cmidrulewidth=\dimen275
\belowrulesep=\dimen276
\belowbottomsep=\dimen277
\aboverulesep=\dimen278
\abovetopsep=\dimen279
\cmidrulesep=\dimen280
\cmidrulekern=\dimen281
\defaultaddspace=\dimen282
\@cmidla=\count312
\@cmidlb=\count313
\@aboverulesep=\dimen283
\@belowrulesep=\dimen284
\@thisruleclass=\count314
\@lastruleclass=\count315
\@thisrulewidth=\dimen285
)
(/usr/share/texmf-dist/tex/latex/multirow/multirow.sty
Package: multirow 2021/03/15 v2.8 Span multiple rows of a table
\multirow@colwidth=\skip58
\multirow@cntb=\count316
\multirow@dima=\skip59
\bigstrutjot=\dimen286
)
(/usr/share/texmf-dist/tex/latex/anyfontsize/anyfontsize.sty
Package: anyfontsize 2007/11/22 anyfontsize.sty by pts
)
(/usr/share/texmf-dist/tex/latex/tools/tabularx.sty
Package: tabularx 2023/07/08 v2.11c `tabularx' package (DPC)

(/usr/share/texmf-dist/tex/latex/tools/array.sty
Package: array 2023/10/16 v2.5g Tabular extension package (FMi)
\col@sep=\dimen287
\ar@mcellbox=\box71
\extrarowheight=\dimen288
\NC@list=\toks49
\extratabsurround=\skip60
\backup@length=\skip61
\ar@cellbox=\box72
)
\TX@col@width=\dimen289
\TX@old@table=\dimen290
\TX@old@col=\dimen291
\TX@target=\dimen292
\TX@delta=\dimen293
\TX@cols=\count317
\TX@ftn=\toks50
)
(/usr/share/texmf-dist/tex/latex/adjustbox/adjustbox.sty
Package: adjustbox 2022/10/17 v1.3a Adjusting TeX boxes (trim, clip, ...)

(/usr/share/texmf-dist/tex/latex/xkeyval/xkeyval.sty
Package: xkeyval 2022/06/16 v2.9 package option processing (HA)

(/usr/share/texmf-dist/tex/generic/xkeyval/xkeyval.tex
(/usr/share/texmf-dist/tex/generic/xkeyval/xkvutils.tex
\XKV@toks=\toks51
\XKV@tempa@toks=\toks52
)
\XKV@depth=\count318
File: xkeyval.tex 2014/12/03 v2.7a key=value parser (HA)
))
(/usr/share/texmf-dist/tex/latex/adjustbox/adjcalc.sty
Package: adjcalc 2012/05/16 v1.1 Provides advanced setlength with multiple back
-ends (calc, etex, pgfmath)
)
(/usr/share/texmf-dist/tex/latex/adjustbox/trimclip.sty
Package: trimclip 2020/08/19 v1.2 Trim and clip general TeX material

(/usr/share/texmf-dist/tex/latex/collectbox/collectbox.sty
Package: collectbox 2022/10/17 v0.4c Collect macro arguments as boxes
\collectedbox=\box73
)
\tc@llx=\dimen294
\tc@lly=\dimen295
\tc@urx=\dimen296
\tc@ury=\dimen297
Package trimclip Info: Using driver 'tc-pdftex.def'.

(/usr/share/texmf-dist/tex/latex/adjustbox/tc-pdftex.def
File: tc-pdftex.def 2019/01/04 v2.2 Clipping driver for pdftex
))
\adjbox@Width=\dimen298
\adjbox@Height=\dimen299
\adjbox@Depth=\dimen300
\adjbox@Totalheight=\dimen301
\adjbox@pwidth=\dimen302
\adjbox@pheight=\dimen303
\adjbox@pdepth=\dimen304
\adjbox@ptotalheight=\dimen305

(/usr/share/texmf-dist/tex/latex/ifoddpage/ifoddpage.sty
Package: ifoddpage 2022/10/18 v1.2 Conditionals for odd/even page detection
\c@checkoddpage=\count319
)
(/usr/share/texmf-dist/tex/latex/varwidth/varwidth.sty
Package: varwidth 2009/03/30 ver 0.92;  Variable-width minipages
\@vwid@box=\box74
\sift@deathcycles=\count320
\@vwid@loff=\dimen306
\@vwid@roff=\dimen307
))
(/usr/share/texmf-dist/tex/latex/abstract/abstract.sty
Package: abstract 2009/06/08 v1.2a configurable abstracts
\abstitleskip=\skip62
\absleftindent=\skip63
\absrightindent=\skip64
\absparindent=\skip65
\absparsep=\skip66
)
Package thmtools Info: Key `name' (with value `Theorem')
(thmtools)             is not a known style key.
(thmtools)             Will pass this to every \declaretheorem
(thmtools)             that uses `style=thmsty' on input line 33.
\c@theorem=\count321
Package thmtools Info: Key `name' (with value `Proposition')
(thmtools)             is not a known style key.
(thmtools)             Will pass this to every \declaretheorem
(thmtools)             that uses `style=prosty' on input line 37.
Package thmtools Info: Key `name' (with value `Principle')
(thmtools)             is not a known style key.
(thmtools)             Will pass this to every \declaretheorem
(thmtools)             that uses `style=prcpsty' on input line 41.


Package geometry Warning: Over-specification in `h'-direction.
    `width' (397.48499pt) is ignored.

(/usr/share/texmf-dist/tex/latex/l3backend/l3backend-pdftex.def
File: l3backend-pdftex.def 2024-02-20 L3 backend support: PDF output (pdfTeX)
\l__color_backend_stack_int=\count322
\l__pdf_internal_box=\box75
) (./report.aux
(./MainPage/cover.aux))
\openout1 = `report.aux'.

LaTeX Font Info:    Checking defaults for OML/cmm/m/it on input line 57.
LaTeX Font Info:    ... okay on input line 57.
LaTeX Font Info:    Checking defaults for OMS/cmsy/m/n on input line 57.
LaTeX Font Info:    ... okay on input line 57.
LaTeX Font Info:    Checking defaults for OT1/cmr/m/n on input line 57.
LaTeX Font Info:    ... okay on input line 57.
LaTeX Font Info:    Checking defaults for T1/cmr/m/n on input line 57.
LaTeX Font Info:    ... okay on input line 57.
LaTeX Font Info:    Checking defaults for TS1/cmr/m/n on input line 57.
LaTeX Font Info:    ... okay on input line 57.
LaTeX Font Info:    Checking defaults for OMX/cmex/m/n on input line 57.
LaTeX Font Info:    ... okay on input line 57.
LaTeX Font Info:    Checking defaults for U/cmr/m/n on input line 57.
LaTeX Font Info:    ... okay on input line 57.
LaTeX Font Info:    Checking defaults for PD1/pdf/m/n on input line 57.
LaTeX Font Info:    ... okay on input line 57.
LaTeX Font Info:    Checking defaults for PU/pdf/m/n on input line 57.
LaTeX Font Info:    ... okay on input line 57.

*geometry* driver: auto-detecting
*geometry* detected driver: pdftex
*geometry* verbose mode - [ preamble ] result:
* driver: pdftex
* paper: a4paper
* layout: <same size as paper>
* layoutoffset:(h,v)=(0.0pt,0.0pt)
* modes: 
* h-part:(L,W,R)=(56.9055pt, 483.69687pt, 56.9055pt)
* v-part:(T,H,B)=(72.26999pt, 650.43pt, 122.34686pt)
* \paperwidth=597.50787pt
* \paperheight=845.04684pt
* \textwidth=483.69687pt
* \textheight=650.43pt
* \oddsidemargin=-15.36449pt
* \evensidemargin=-15.36449pt
* \topmargin=-37.0pt
* \headheight=12.0pt
* \headsep=25.0pt
* \topskip=10.0pt
* \footskip=30.0pt
* \marginparwidth=65.0pt
* \marginparsep=11.0pt
* \columnsep=10.0pt
* \skip\footins=9.0pt plus 4.0pt minus 2.0pt
* \hoffset=0.0pt
* \voffset=0.0pt
* \mag=1000
* \@twocolumnfalse
* \@twosidefalse
* \@mparswitchfalse
* \@reversemarginfalse
* (1in=72.27pt=25.4mm, 1cm=28.453pt)

(/usr/share/texmf-dist/tex/context/base/mkii/supp-pdf.mkii
[Loading MPS to PDF converter (version 2006.09.02).]
\scratchcounter=\count323
\scratchdimen=\dimen308
\scratchbox=\box76
\nofMPsegments=\count324
\nofMParguments=\count325
\everyMPshowfont=\toks53
\MPscratchCnt=\count326
\MPscratchDim=\dimen309
\MPnumerator=\count327
\makeMPintoPDFobject=\count328
\everyMPtoPDFconversion=\toks54
) (/usr/share/texmf-dist/tex/latex/epstopdf-pkg/epstopdf-base.sty
Package: epstopdf-base 2020-01-24 v2.11 Base part for package epstopdf
Package epstopdf-base Info: Redefining graphics rule for `.eps' on input line 4
85.

(/usr/share/texmf-dist/tex/latex/latexconfig/epstopdf-sys.cfg
File: epstopdf-sys.cfg 2010/07/13 v1.3 Configuration of (r)epstopdf for TeX Liv
e
))
Package caption Info: Begin \AtBeginDocument code.
Package caption Info: float package is loaded.
Package caption Info: hyperref package is loaded.
Package caption Info: End \AtBeginDocument code.
Package hyperref Info: Link coloring ON on input line 57.
 (./report.out)
(./report.out)
\@outlinefile=\write4
\openout4 = `report.out'.

\openout2 = `./MainPage/cover.aux'.

 (./MainPage/cover.tex
LaTeX Font Info:    Trying to load font information for U+msa on input line 14.


(/usr/share/texmf-dist/tex/latex/amsfonts/umsa.fd
File: umsa.fd 2013/01/14 v3.01 AMS symbols A
)
LaTeX Font Info:    Trying to load font information for U+msb on input line 14.


(/usr/share/texmf-dist/tex/latex/amsfonts/umsb.fd
File: umsb.fd 2013/01/14 v3.01 AMS symbols B
) [1


{/var/lib/texmf/fonts/map/pdftex/updmap/pdftex.map}] (./report.toc)
\tf@toc=\write5
\openout5 = `report.toc'.

 [2])
(./Lab/02. Lab 02/DatasetAnalysis.tex
<Lab/02. Lab 02/Images/01. Graphics Features 1_2 Without Mean.png, id=160, 722.
7pt x 722.7pt>
File: Lab/02. Lab 02/Images/01. Graphics Features 1_2 Without Mean.png Graphic 
file (type png)
<use Lab/02. Lab 02/Images/01. Graphics Features 1_2 Without Mean.png>
Package pdftex.def Info: Lab/02. Lab 02/Images/01. Graphics Features 1_2 Withou
t Mean.png  used on input line 24.
(pdftex.def)             Requested size: 193.47578pt x 193.47748pt.
<Lab/02. Lab 02/Images/02. Graphics Features 1_2 With Mean.png, id=162, 722.7pt
 x 722.7pt>
File: Lab/02. Lab 02/Images/02. Graphics Features 1_2 With Mean.png Graphic fil
e (type png)
<use Lab/02. Lab 02/Images/02. Graphics Features 1_2 With Mean.png>
Package pdftex.def Info: Lab/02. Lab 02/Images/02. Graphics Features 1_2 With M
ean.png  used on input line 29.
(pdftex.def)             Requested size: 193.47578pt x 193.47748pt.
<Lab/02. Lab 02/Images/03. Graphics Features 3_4 Without Mean.png, id=166, 722.
7pt x 722.7pt>
File: Lab/02. Lab 02/Images/03. Graphics Features 3_4 Without Mean.png Graphic 
file (type png)
<use Lab/02. Lab 02/Images/03. Graphics Features 3_4 Without Mean.png>
Package pdftex.def Info: Lab/02. Lab 02/Images/03. Graphics Features 3_4 Withou
t Mean.png  used on input line 55.
(pdftex.def)             Requested size: 193.47578pt x 193.47748pt.
<Lab/02. Lab 02/Images/04. Graphics Features 3_4 With Mean.png, id=167, 722.7pt
 x 722.7pt>
File: Lab/02. Lab 02/Images/04. Graphics Features 3_4 With Mean.png Graphic fil
e (type png)
<use Lab/02. Lab 02/Images/04. Graphics Features 3_4 With Mean.png>
Package pdftex.def Info: Lab/02. Lab 02/Images/04. Graphics Features 3_4 With M
ean.png  used on input line 60.
(pdftex.def)             Requested size: 193.47578pt x 193.47748pt.
 [3


 <./Lab/02. Lab 02/Images/01. Graphics Features 1_2 Without Mean.png> <./Lab/02
. Lab 02/Images/02. Graphics Features 1_2 With Mean.png>]
<Lab/02. Lab 02/Images/05. Graphics Features 5_6 Without Mean.png, id=187, 722.
7pt x 722.7pt>
File: Lab/02. Lab 02/Images/05. Graphics Features 5_6 Without Mean.png Graphic 
file (type png)
<use Lab/02. Lab 02/Images/05. Graphics Features 5_6 Without Mean.png>
Package pdftex.def Info: Lab/02. Lab 02/Images/05. Graphics Features 5_6 Withou
t Mean.png  used on input line 86.
(pdftex.def)             Requested size: 193.47578pt x 193.47748pt.
<Lab/02. Lab 02/Images/06. Graphics Features 5_6 With Mean.png, id=188, 722.7pt
 x 722.7pt>
File: Lab/02. Lab 02/Images/06. Graphics Features 5_6 With Mean.png Graphic fil
e (type png)
<use Lab/02. Lab 02/Images/06. Graphics Features 5_6 With Mean.png>
Package pdftex.def Info: Lab/02. Lab 02/Images/06. Graphics Features 5_6 With M
ean.png  used on input line 91.
(pdftex.def)             Requested size: 193.47578pt x 193.47748pt.
) (./Lab/03. Lab 03/DimensionalityReduction.tex [4 <./Lab/02. Lab 02/Images/03.
 Graphics Features 3_4 Without Mean.png> <./Lab/02. Lab 02/Images/04. Graphics 
Features 3_4 With Mean.png>]
<Lab/03. Lab 03/Images/01. PercentageVariance_NumberOfComponents.png, id=199, 6
42.4pt x 481.8pt>
File: Lab/03. Lab 03/Images/01. PercentageVariance_NumberOfComponents.png Graph
ic file (type png)
<use Lab/03. Lab 03/Images/01. PercentageVariance_NumberOfComponents.png>
Package pdftex.def Info: Lab/03. Lab 03/Images/01. PercentageVariance_NumberOfC
omponents.png  used on input line 37.
(pdftex.def)             Requested size: 241.84843pt x 181.38766pt.


LaTeX Warning: `!h' float specifier changed to `!ht'.

[5 <./Lab/02. Lab 02/Images/05. Graphics Features 5_6 Without Mean.png> <./Lab/
02. Lab 02/Images/06. Graphics Features 5_6 With Mean.png>]
<Lab/03. Lab 03/Images/02. PVA_LDA.png, id=213, 2007.5pt x 2007.5pt>
File: Lab/03. Lab 03/Images/02. PVA_LDA.png Graphic file (type png)
<use Lab/03. Lab 03/Images/02. PVA_LDA.png>
Package pdftex.def Info: Lab/03. Lab 03/Images/02. PVA_LDA.png  used on input l
ine 76.
(pdftex.def)             Requested size: 241.84843pt x 241.83919pt.


LaTeX Warning: `h' float specifier changed to `ht'.

) (./Lab/04. Lab 04/MultivariateGaussianDensity.tex [6 <./Lab/03. Lab 03/Images
/01. PercentageVariance_NumberOfComponents.png (PNG copy)>]
<Lab/04. Lab 04/Images/01. GaussianDensity.png, id=227, 2007.5pt x 1003.75pt>
File: Lab/04. Lab 04/Images/01. GaussianDensity.png Graphic file (type png)
<use Lab/04. Lab 04/Images/01. GaussianDensity.png>
Package pdftex.def Info: Lab/04. Lab 04/Images/01. GaussianDensity.png  used on
 input line 23.
(pdftex.def)             Requested size: 483.69687pt x 241.83919pt.


LaTeX Warning: `h' float specifier changed to `ht'.

) (./Lab/05. Lab 05/Model evaluation for classification.tex

./Lab/05. Lab 05/Model evaluation for classification.tex:13: LaTeX Error: Bad m
ath environment delimiter.

See the LaTeX manual or LaTeX Companion for explanation.
Type  H <return>  for immediate help.
 ...                                              
                                                  
l.13     \(
           (\pi_T, C_{fn}, C_{fp})\)
Your command was ignored.
Type  I <command> <return>  to replace it with another command,
or  <return>  to continue without it.


./Lab/05. Lab 05/Model evaluation for classification.tex:13: LaTeX Error: Bad m
ath environment delimiter.

See the LaTeX manual or LaTeX Companion for explanation.
Type  H <return>  for immediate help.
 ...                                              
                                                  
l.13     \((\pi_T, C_{fn}, C_{fp})\)
                                    
Your command was ignored.
Type  I <command> <return>  to replace it with another command,
or  <return>  to continue without it.

[7 <./Lab/03. Lab 03/Images/02. PVA_LDA.png (PNG copy)>]

./Lab/05. Lab 05/Model evaluation for classification.tex:22: LaTeX Error: Bad m
ath environment delimiter.

See the LaTeX manual or LaTeX Companion for explanation.
Type  H <return>  for immediate help.
 ...                                              
                                                  
l.22     \(
           (\tilde{\pi}, C_{fn}, C_{fp})\) = \((\tilde{\pi}, 1, 1)\)
Your command was ignored.
Type  I <command> <return>  to replace it with another command,
or  <return>  to continue without it.


./Lab/05. Lab 05/Model evaluation for classification.tex:22: LaTeX Error: Bad m
ath environment delimiter.

See the LaTeX manual or LaTeX Companion for explanation.
Type  H <return>  for immediate help.
 ...                                              
                                                  
l.22     \((\tilde{\pi}, C_{fn}, C_{fp})\)
                                           = \((\tilde{\pi}, 1, 1)\)
Your command was ignored.
Type  I <command> <return>  to replace it with another command,
or  <return>  to continue without it.


./Lab/05. Lab 05/Model evaluation for classification.tex:22: LaTeX Error: Bad m
ath environment delimiter.

See the LaTeX manual or LaTeX Companion for explanation.
Type  H <return>  for immediate help.
 ...                                              
                                                  
l.22     \((\tilde{\pi}, C_{fn}, C_{fp})\) = \(
                                               (\tilde{\pi}, 1, 1)\)
Your command was ignored.
Type  I <command> <return>  to replace it with another command,
or  <return>  to continue without it.


./Lab/05. Lab 05/Model evaluation for classification.tex:22: LaTeX Error: Bad m
ath environment delimiter.

See the LaTeX manual or LaTeX Companion for explanation.
Type  H <return>  for immediate help.
 ...                                              
                                                  
l.22 ..._{fn}, C_{fp})\) = \((\tilde{\pi}, 1, 1)\)
                                                  
Your command was ignored.
Type  I <command> <return>  to replace it with another command,
or  <return>  to continue without it.

) (./Lab/05. Lab 05/ClassificationModels.tex [8 <./Lab/04. Lab 04/Images/01. Ga
ussianDensity.png (PNG copy)>]
./Lab/05. Lab 05/ClassificationModels.tex:38: Undefined control sequence.
l.38 ...s based on a comparison between the \(\llr
                                                  \) and a threshold \(\th\),
The control sequence at the end of the top line
of your error message was never \def'ed. If you have
misspelled it (e.g., `\hobx'), type `I' and the correct
spelling (e.g., `I\hbox'). Otherwise just continue,
and I'll forget about whatever was undefined.


LaTeX Warning: Command \th invalid in math mode on input line 38.


./Lab/05. Lab 05/ClassificationModels.tex:38: LaTeX Error: Command \th unavaila
ble in encoding OT1.

See the LaTeX manual or LaTeX Companion for explanation.
Type  H <return>  for immediate help.
 ...                                              
                                                  
l.38 ...between the \(\llr\) and a threshold \(\th
                                                  \),
Your command was ignored.
Type  I <command> <return>  to replace it with another command,
or  <return>  to continue without it.

[9] [10]) (./Lab/07. Lab 07/PerformanceClassifier.tex

LaTeX Warning: `!h' float specifier changed to `!ht'.

[11]
<Lab/07. Lab 07/Images/01. MVG.png, id=291, 642.4pt x 481.8pt>
File: Lab/07. Lab 07/Images/01. MVG.png Graphic file (type png)
<use Lab/07. Lab 07/Images/01. MVG.png>
Package pdftex.def Info: Lab/07. Lab 07/Images/01. MVG.png  used on input line 
146.
(pdftex.def)             Requested size: 145.11053pt x 108.83406pt.
<Lab/07. Lab 07/Images/02. Naive Bayes.png, id=292, 642.4pt x 481.8pt>
File: Lab/07. Lab 07/Images/02. Naive Bayes.png Graphic file (type png)
<use Lab/07. Lab 07/Images/02. Naive Bayes.png>
Package pdftex.def Info: Lab/07. Lab 07/Images/02. Naive Bayes.png  used on inp
ut line 151.
(pdftex.def)             Requested size: 145.11053pt x 108.83406pt.
<Lab/07. Lab 07/Images/03. Tied.png, id=293, 642.4pt x 481.8pt>
File: Lab/07. Lab 07/Images/03. Tied.png Graphic file (type png)
<use Lab/07. Lab 07/Images/03. Tied.png>
Package pdftex.def Info: Lab/07. Lab 07/Images/03. Tied.png  used on input line
 156.
(pdftex.def)             Requested size: 145.11053pt x 108.83406pt.
 [12]) (./Lab/08. Lab 08/LogisticRegressionClassifier.tex [13 <./Lab/07. Lab 07
/Images/01. MVG.png> <./Lab/07. Lab 07/Images/02. Naive Bayes.png> <./Lab/07. L
ab 07/Images/03. Tied.png>]
<Lab/08. Lab 08/Images/01. BLR - minDCF.png, id=315, 642.4pt x 481.8pt>
File: Lab/08. Lab 08/Images/01. BLR - minDCF.png Graphic file (type png)
<use Lab/08. Lab 08/Images/01. BLR - minDCF.png>
Package pdftex.def Info: Lab/08. Lab 08/Images/01. BLR - minDCF.png  used on in
put line 57.
(pdftex.def)             Requested size: 193.47578pt x 145.10718pt.
<Lab/08. Lab 08/Images/02. BLR - actDCF.png, id=316, 642.4pt x 481.8pt>
File: Lab/08. Lab 08/Images/02. BLR - actDCF.png Graphic file (type png)
<use Lab/08. Lab 08/Images/02. BLR - actDCF.png>
Package pdftex.def Info: Lab/08. Lab 08/Images/02. BLR - actDCF.png  used on in
put line 61.
(pdftex.def)             Requested size: 193.47578pt x 145.10718pt.
<Lab/08. Lab 08/Images/03. BLR - min And actDCF.png, id=317, 642.4pt x 481.8pt>

File: Lab/08. Lab 08/Images/03. BLR - min And actDCF.png Graphic file (type png
)
<use Lab/08. Lab 08/Images/03. BLR - min And actDCF.png>
Package pdftex.def Info: Lab/08. Lab 08/Images/03. BLR - min And actDCF.png  us
ed on input line 65.
(pdftex.def)             Requested size: 193.47578pt x 145.10718pt.
<Lab/08. Lab 08/Images/04. BLR - minAnd actDCF - ZNormalized.png, id=318, 642.4
pt x 481.8pt>
File: Lab/08. Lab 08/Images/04. BLR - minAnd actDCF - ZNormalized.png Graphic f
ile (type png)
<use Lab/08. Lab 08/Images/04. BLR - minAnd actDCF - ZNormalized.png>
Package pdftex.def Info: Lab/08. Lab 08/Images/04. BLR - minAnd actDCF - ZNorma
lized.png  used on input line 69.
(pdftex.def)             Requested size: 193.47578pt x 145.10718pt.
<Lab/08. Lab 08/Images/05. BLR - minDCF 50 Samples.png, id=319, 642.4pt x 481.8
pt>
File: Lab/08. Lab 08/Images/05. BLR - minDCF 50 Samples.png Graphic file (type 
png)
<use Lab/08. Lab 08/Images/05. BLR - minDCF 50 Samples.png>
Package pdftex.def Info: Lab/08. Lab 08/Images/05. BLR - minDCF 50 Samples.png 
 used on input line 79.
(pdftex.def)             Requested size: 193.47578pt x 145.10718pt.
<Lab/08. Lab 08/Images/06. BLR - actDCF 50 Samples.png, id=320, 642.4pt x 481.8
pt>
File: Lab/08. Lab 08/Images/06. BLR - actDCF 50 Samples.png Graphic file (type 
png)
<use Lab/08. Lab 08/Images/06. BLR - actDCF 50 Samples.png>
Package pdftex.def Info: Lab/08. Lab 08/Images/06. BLR - actDCF 50 Samples.png 
 used on input line 83.
(pdftex.def)             Requested size: 193.47578pt x 145.10718pt.
<Lab/08. Lab 08/Images/07. BLR - minAndactDCF 50 Samples.png, id=321, 642.4pt x
 481.8pt>
File: Lab/08. Lab 08/Images/07. BLR - minAndactDCF 50 Samples.png Graphic file 
(type png)
<use Lab/08. Lab 08/Images/07. BLR - minAndactDCF 50 Samples.png>
Package pdftex.def Info: Lab/08. Lab 08/Images/07. BLR - minAndactDCF 50 Sample
s.png  used on input line 87.
(pdftex.def)             Requested size: 193.47578pt x 145.10718pt.
<Lab/08. Lab 08/Images/08. BLR - minAndactDCF 50 Samples - ZNormalized.png, id=
322, 642.4pt x 481.8pt>
File: Lab/08. Lab 08/Images/08. BLR - minAndactDCF 50 Samples - ZNormalized.png
 Graphic file (type png)
<use Lab/08. Lab 08/Images/08. BLR - minAndactDCF 50 Samples - ZNormalized.png>

Package pdftex.def Info: Lab/08. Lab 08/Images/08. BLR - minAndactDCF 50 Sample
s - ZNormalized.png  used on input line 91.
(pdftex.def)             Requested size: 193.47578pt x 145.10718pt.


LaTeX Warning: `!h' float specifier changed to `!ht'.


LaTeX Warning: `!h' float specifier changed to `!ht'.

[14 <./Lab/08. Lab 08/Images/01. BLR - minDCF.png> <./Lab/08. Lab 08/Images/02.
 BLR - actDCF.png> <./Lab/08. Lab 08/Images/03. BLR - min And actDCF.png> <./La
b/08. Lab 08/Images/04. BLR - minAnd actDCF - ZNormalized.png>] [15 <./Lab/08. 
Lab 08/Images/05. BLR - minDCF 50 Samples.png> <./Lab/08. Lab 08/Images/06. BLR
 - actDCF 50 Samples.png> <./Lab/08. Lab 08/Images/07. BLR - minAndactDCF 50 Sa
mples.png> <./Lab/08. Lab 08/Images/08. BLR - minAndactDCF 50 Samples - ZNormal
ized.png>]
<Lab/08. Lab 08/Images/09. PW - minDCF.png, id=345, 642.4pt x 481.8pt>
File: Lab/08. Lab 08/Images/09. PW - minDCF.png Graphic file (type png)
<use Lab/08. Lab 08/Images/09. PW - minDCF.png>
Package pdftex.def Info: Lab/08. Lab 08/Images/09. PW - minDCF.png  used on inp
ut line 159.
(pdftex.def)             Requested size: 145.11053pt x 108.83406pt.
<Lab/08. Lab 08/Images/10. PW - actDCF.png, id=346, 642.4pt x 481.8pt>
File: Lab/08. Lab 08/Images/10. PW - actDCF.png Graphic file (type png)
<use Lab/08. Lab 08/Images/10. PW - actDCF.png>
Package pdftex.def Info: Lab/08. Lab 08/Images/10. PW - actDCF.png  used on inp
ut line 163.
(pdftex.def)             Requested size: 145.11053pt x 108.83406pt.
<Lab/08. Lab 08/Images/11. PW - minAndActDCF.png, id=347, 642.4pt x 481.8pt>
File: Lab/08. Lab 08/Images/11. PW - minAndActDCF.png Graphic file (type png)
<use Lab/08. Lab 08/Images/11. PW - minAndActDCF.png>
Package pdftex.def Info: Lab/08. Lab 08/Images/11. PW - minAndActDCF.png  used 
on input line 167.
(pdftex.def)             Requested size: 145.11053pt x 108.83406pt.

Underfull \hbox (badness 10000) in paragraph at lines 195--202

 []

<Lab/08. Lab 08/Images/12. BLR - PCA m=5 Z-norm.png, id=351, 642.4pt x 481.8pt>

File: Lab/08. Lab 08/Images/12. BLR - PCA m=5 Z-norm.png Graphic file (type png
)
<use Lab/08. Lab 08/Images/12. BLR - PCA m=5 Z-norm.png>
Package pdftex.def Info: Lab/08. Lab 08/Images/12. BLR - PCA m=5 Z-norm.png  us
ed on input line 210.
(pdftex.def)             Requested size: 169.29684pt x 126.97063pt.
<Lab/08. Lab 08/Images/13. BLR - PCA m=6 Z-norm.png, id=352, 642.4pt x 481.8pt>

File: Lab/08. Lab 08/Images/13. BLR - PCA m=6 Z-norm.png Graphic file (type png
)
<use Lab/08. Lab 08/Images/13. BLR - PCA m=6 Z-norm.png>
Package pdftex.def Info: Lab/08. Lab 08/Images/13. BLR - PCA m=6 Z-norm.png  us
ed on input line 214.
(pdftex.def)             Requested size: 169.29684pt x 126.97063pt.

LaTeX Warning: `!h' float specifier changed to `!ht'.


LaTeX Warning: `!h' float specifier changed to `!ht'.

[16 <./Lab/08. Lab 08/Images/09. PW - minDCF.png> <./Lab/08. Lab 08/Images/10. 
PW - actDCF.png> <./Lab/08. Lab 08/Images/11. PW - minAndActDCF.png>]
<Lab/08. Lab 08/Images/14. QLR - minDCF.png, id=366, 642.4pt x 481.8pt>
File: Lab/08. Lab 08/Images/14. QLR - minDCF.png Graphic file (type png)
<use Lab/08. Lab 08/Images/14. QLR - minDCF.png>
Package pdftex.def Info: Lab/08. Lab 08/Images/14. QLR - minDCF.png  used on in
put line 289.
(pdftex.def)             Requested size: 145.11053pt x 108.83406pt.
<Lab/08. Lab 08/Images/15. QLR - actDCF.png, id=367, 642.4pt x 481.8pt>
File: Lab/08. Lab 08/Images/15. QLR - actDCF.png Graphic file (type png)
<use Lab/08. Lab 08/Images/15. QLR - actDCF.png>
Package pdftex.def Info: Lab/08. Lab 08/Images/15. QLR - actDCF.png  used on in
put line 293.
(pdftex.def)             Requested size: 145.11053pt x 108.83406pt.
<Lab/08. Lab 08/Images/16. QLR - min And ActDCF.png, id=368, 642.4pt x 481.8pt>

File: Lab/08. Lab 08/Images/16. QLR - min And ActDCF.png Graphic file (type png
)
<use Lab/08. Lab 08/Images/16. QLR - min And ActDCF.png>
Package pdftex.def Info: Lab/08. Lab 08/Images/16. QLR - min And ActDCF.png  us
ed on input line 297.
(pdftex.def)             Requested size: 145.11053pt x 108.83406pt.
 [17 <./Lab/08. Lab 08/Images/12. BLR - PCA m=5 Z-norm.png> <./Lab/08. Lab 08/I
mages/13. BLR - PCA m=6 Z-norm.png>]) (./Lab/09. Lab 09/SupportVectorMachines.t
ex
[18 <./Lab/08. Lab 08/Images/14. QLR - minDCF.png> <./Lab/08. Lab 08/Images/15.
 QLR - actDCF.png> <./Lab/08. Lab 08/Images/16. QLR - min And ActDCF.png>]
<Lab/09. Lab 09/Images/01. L - minDCF.png, id=396, 642.4pt x 481.8pt>
File: Lab/09. Lab 09/Images/01. L - minDCF.png Graphic file (type png)
<use Lab/09. Lab 09/Images/01. L - minDCF.png>
Package pdftex.def Info: Lab/09. Lab 09/Images/01. L - minDCF.png  used on inpu
t line 40.
(pdftex.def)             Requested size: 145.11053pt x 108.83406pt.
<Lab/09. Lab 09/Images/02. L - actDCF.png, id=397, 642.4pt x 481.8pt>
File: Lab/09. Lab 09/Images/02. L - actDCF.png Graphic file (type png)
<use Lab/09. Lab 09/Images/02. L - actDCF.png>
Package pdftex.def Info: Lab/09. Lab 09/Images/02. L - actDCF.png  used on inpu
t line 44.
(pdftex.def)             Requested size: 145.11053pt x 108.83406pt.
<Lab/09. Lab 09/Images/03. L - min And actDCF.png, id=398, 642.4pt x 481.8pt>
File: Lab/09. Lab 09/Images/03. L - min And actDCF.png Graphic file (type png)
<use Lab/09. Lab 09/Images/03. L - min And actDCF.png>
Package pdftex.def Info: Lab/09. Lab 09/Images/03. L - min And actDCF.png  used
 on input line 48.
(pdftex.def)             Requested size: 145.11053pt x 108.83406pt.

./Lab/09. Lab 09/SupportVectorMachines.tex:61: Undefined control sequence.
<recently read> \texbf 
                       
l.61         \texbf
                   {C}   & \textbf{minDCF} & \textbf{actDCF} \\
The control sequence at the end of the top line
of your error message was never \def'ed. If you have
misspelled it (e.g., `\hobx'), type `I' and the correct
spelling (e.g., `I\hbox'). Otherwise just continue,
and I'll forget about whatever was undefined.


LaTeX Warning: `!h' float specifier changed to `!ht'.

[19 <./Lab/09. Lab 09/Images/01. L - minDCF.png> <./Lab/09. Lab 09/Images/02. L
 - actDCF.png> <./Lab/09. Lab 09/Images/03. L - min And actDCF.png>]
<Lab/09. Lab 09/Images/04. Poly - minDCF.png, id=414, 642.4pt x 481.8pt>
File: Lab/09. Lab 09/Images/04. Poly - minDCF.png Graphic file (type png)
<use Lab/09. Lab 09/Images/04. Poly - minDCF.png>
Package pdftex.def Info: Lab/09. Lab 09/Images/04. Poly - minDCF.png  used on i
nput line 94.
(pdftex.def)             Requested size: 145.11053pt x 108.83406pt.
<Lab/09. Lab 09/Images/05. Poly - actDCF.png, id=415, 642.4pt x 481.8pt>
File: Lab/09. Lab 09/Images/05. Poly - actDCF.png Graphic file (type png)
<use Lab/09. Lab 09/Images/05. Poly - actDCF.png>
Package pdftex.def Info: Lab/09. Lab 09/Images/05. Poly - actDCF.png  used on i
nput line 98.
(pdftex.def)             Requested size: 145.11053pt x 108.83406pt.
<Lab/09. Lab 09/Images/06. Poly - min And actDCF.png, id=416, 642.4pt x 481.8pt
>
File: Lab/09. Lab 09/Images/06. Poly - min And actDCF.png Graphic file (type pn
g)
<use Lab/09. Lab 09/Images/06. Poly - min And actDCF.png>
Package pdftex.def Info: Lab/09. Lab 09/Images/06. Poly - min And actDCF.png  u
sed on input line 102.
(pdftex.def)             Requested size: 145.11053pt x 108.83406pt.

./Lab/09. Lab 09/SupportVectorMachines.tex:116: Undefined control sequence.
<recently read> \texbf 
                       
l.116         \texbf
                    {C}   & \textbf{minDCF} & \textbf{actDCF} \\
The control sequence at the end of the top line
of your error message was never \def'ed. If you have
misspelled it (e.g., `\hobx'), type `I' and the correct
spelling (e.g., `I\hbox'). Otherwise just continue,
and I'll forget about whatever was undefined.

<Lab/09. Lab 09/Images/07. Radial - minDCF.png, id=418, 642.4pt x 481.8pt>
File: Lab/09. Lab 09/Images/07. Radial - minDCF.png Graphic file (type png)
<use Lab/09. Lab 09/Images/07. Radial - minDCF.png>
Package pdftex.def Info: Lab/09. Lab 09/Images/07. Radial - minDCF.png  used on
 input line 137.
(pdftex.def)             Requested size: 193.47578pt x 145.10718pt.
<Lab/09. Lab 09/Images/08. Radial - actDCF.png, id=419, 642.4pt x 481.8pt>
File: Lab/09. Lab 09/Images/08. Radial - actDCF.png Graphic file (type png)
<use Lab/09. Lab 09/Images/08. Radial - actDCF.png>
Package pdftex.def Info: Lab/09. Lab 09/Images/08. Radial - actDCF.png  used on
 input line 141.
(pdftex.def)             Requested size: 193.47578pt x 145.10718pt.

LaTeX Warning: `!h' float specifier changed to `!ht'.

[20 <./Lab/09. Lab 09/Images/04. Poly - minDCF.png> <./Lab/09. Lab 09/Images/05
. Poly - actDCF.png> <./Lab/09. Lab 09/Images/06. Poly - min And actDCF.png>]
<Lab/09. Lab 09/Images/09. Radial Best - minDCF.png, id=433, 642.4pt x 481.8pt>

File: Lab/09. Lab 09/Images/09. Radial Best - minDCF.png Graphic file (type png
)
<use Lab/09. Lab 09/Images/09. Radial Best - minDCF.png>
Package pdftex.def Info: Lab/09. Lab 09/Images/09. Radial Best - minDCF.png  us
ed on input line 154.
(pdftex.def)             Requested size: 145.11053pt x 108.83406pt.
<Lab/09. Lab 09/Images/10. Radial Best - actDCF.png, id=434, 642.4pt x 481.8pt>

File: Lab/09. Lab 09/Images/10. Radial Best - actDCF.png Graphic file (type png
)
<use Lab/09. Lab 09/Images/10. Radial Best - actDCF.png>
Package pdftex.def Info: Lab/09. Lab 09/Images/10. Radial Best - actDCF.png  us
ed on input line 158.
(pdftex.def)             Requested size: 145.11053pt x 108.83406pt.
<Lab/09. Lab 09/Images/11. Radial Best - min And actDCF.png, id=435, 642.4pt x 
481.8pt>
File: Lab/09. Lab 09/Images/11. Radial Best - min And actDCF.png Graphic file (
type png)
<use Lab/09. Lab 09/Images/11. Radial Best - min And actDCF.png>
Package pdftex.def Info: Lab/09. Lab 09/Images/11. Radial Best - min And actDCF
.png  used on input line 162.
(pdftex.def)             Requested size: 145.11053pt x 108.83406pt.

./Lab/09. Lab 09/SupportVectorMachines.tex:176: Undefined control sequence.
<recently read> \texbf 
                       
l.176         \texbf
                    {C}   & \textbf{minDCF} & \textbf{actDCF} \\
The control sequence at the end of the top line
of your error message was never \def'ed. If you have
misspelled it (e.g., `\hobx'), type `I' and the correct
spelling (e.g., `I\hbox'). Otherwise just continue,
and I'll forget about whatever was undefined.

[21 <./Lab/09. Lab 09/Images/07. Radial - minDCF.png> <./Lab/09. Lab 09/Images/
08. Radial - actDCF.png> <./Lab/09. Lab 09/Images/09. Radial Best - minDCF.png>
 <./Lab/09. Lab 09/Images/10. Radial Best - actDCF.png> <./Lab/09. Lab 09/Image
s/11. Radial Best - min And actDCF.png>])
(./Lab/10. Lab 10/GaussianMixtureModels.tex
<Lab/10. Lab 10/Images/01. covTypeFullSameComponent.png, id=452, 4516.875pt x 2
409.0pt>
File: Lab/10. Lab 10/Images/01. covTypeFullSameComponent.png Graphic file (type
 png)
<use Lab/10. Lab 10/Images/01. covTypeFullSameComponent.png>
Package pdftex.def Info: Lab/10. Lab 10/Images/01. covTypeFullSameComponent.png
  used on input line 49.
(pdftex.def)             Requested size: 483.69687pt x 257.96997pt.


LaTeX Warning: `!h' float specifier changed to `!ht'.

<Lab/10. Lab 10/Images/02. covTypeDiagonalSameComponent.png, id=453, 4516.875pt
 x 2409.0pt>
File: Lab/10. Lab 10/Images/02. covTypeDiagonalSameComponent.png Graphic file (
type png)
<use Lab/10. Lab 10/Images/02. covTypeDiagonalSameComponent.png>
Package pdftex.def Info: Lab/10. Lab 10/Images/02. covTypeDiagonalSameComponent
.png  used on input line 56.
(pdftex.def)             Requested size: 483.69687pt x 257.96997pt.

LaTeX Warning: `!h' float specifier changed to `!ht'.


LaTeX Warning: `!h' float specifier changed to `!ht'.

[22]
<Lab/10. Lab 10/Images/03. 1-16 Full.png, id=467, 642.4pt x 481.8pt>
File: Lab/10. Lab 10/Images/03. 1-16 Full.png Graphic file (type png)
<use Lab/10. Lab 10/Images/03. 1-16 Full.png>
Package pdftex.def Info: Lab/10. Lab 10/Images/03. 1-16 Full.png  used on input
 line 93.
(pdftex.def)             Requested size: 111.2482pt x 83.43405pt.
<Lab/10. Lab 10/Images/04. 2 - 16 Full.png, id=468, 642.4pt x 481.8pt>
File: Lab/10. Lab 10/Images/04. 2 - 16 Full.png Graphic file (type png)
<use Lab/10. Lab 10/Images/04. 2 - 16 Full.png>
Package pdftex.def Info: Lab/10. Lab 10/Images/04. 2 - 16 Full.png  used on inp
ut line 97.
(pdftex.def)             Requested size: 111.2482pt x 83.43405pt.
<Lab/10. Lab 10/Images/05. 8-16 Full.png, id=469, 642.4pt x 481.8pt>
File: Lab/10. Lab 10/Images/05. 8-16 Full.png Graphic file (type png)
<use Lab/10. Lab 10/Images/05. 8-16 Full.png>
Package pdftex.def Info: Lab/10. Lab 10/Images/05. 8-16 Full.png  used on input
 line 101.
(pdftex.def)             Requested size: 111.2482pt x 83.43405pt.
<Lab/10. Lab 10/Images/06. 8 - 32.png, id=470, 642.4pt x 481.8pt>
File: Lab/10. Lab 10/Images/06. 8 - 32.png Graphic file (type png)
<use Lab/10. Lab 10/Images/06. 8 - 32.png>
Package pdftex.def Info: Lab/10. Lab 10/Images/06. 8 - 32.png  used on input li
ne 105.
(pdftex.def)             Requested size: 111.2482pt x 83.43405pt.


LaTeX Warning: `!h' float specifier changed to `!ht'.

<Lab/10. Lab 10/Images/07. 1-16 Diag.png, id=471, 642.4pt x 481.8pt>
File: Lab/10. Lab 10/Images/07. 1-16 Diag.png Graphic file (type png)
<use Lab/10. Lab 10/Images/07. 1-16 Diag.png>
Package pdftex.def Info: Lab/10. Lab 10/Images/07. 1-16 Diag.png  used on input
 line 115.
(pdftex.def)             Requested size: 111.2482pt x 83.43405pt.
<Lab/10. Lab 10/Images/08. 2-16 Diag.png, id=472, 642.4pt x 481.8pt>
File: Lab/10. Lab 10/Images/08. 2-16 Diag.png Graphic file (type png)
<use Lab/10. Lab 10/Images/08. 2-16 Diag.png>
Package pdftex.def Info: Lab/10. Lab 10/Images/08. 2-16 Diag.png  used on input
 line 119.
(pdftex.def)             Requested size: 111.2482pt x 83.43405pt.
<Lab/10. Lab 10/Images/09. 8-16 Diag.png, id=473, 642.4pt x 481.8pt>
File: Lab/10. Lab 10/Images/09. 8-16 Diag.png Graphic file (type png)
<use Lab/10. Lab 10/Images/09. 8-16 Diag.png>
Package pdftex.def Info: Lab/10. Lab 10/Images/09. 8-16 Diag.png  used on input
 line 123.
(pdftex.def)             Requested size: 111.2482pt x 83.43405pt.
<Lab/10. Lab 10/Images/10. 8-32 Diag.png, id=474, 642.4pt x 481.8pt>
File: Lab/10. Lab 10/Images/10. 8-32 Diag.png Graphic file (type png)
<use Lab/10. Lab 10/Images/10. 8-32 Diag.png>
Package pdftex.def Info: Lab/10. Lab 10/Images/10. 8-32 Diag.png  used on input
 line 127.
(pdftex.def)             Requested size: 111.2482pt x 83.43405pt.

LaTeX Warning: `!h' float specifier changed to `!ht'.


LaTeX Warning: `!h' float specifier changed to `!ht'.

[23 <./Lab/10. Lab 10/Images/01. covTypeFullSameComponent.png (PNG copy)> <./La
b/10. Lab 10/Images/02. covTypeDiagonalSameComponent.png (PNG copy)>] [24 <./La
b/10. Lab 10/Images/03. 1-16 Full.png> <./Lab/10. Lab 10/Images/04. 2 - 16 Full
.png> <./Lab/10. Lab 10/Images/05. 8-16 Full.png> <./Lab/10. Lab 10/Images/06. 
8 - 32.png> <./Lab/10. Lab 10/Images/07. 1-16 Diag.png> <./Lab/10. Lab 10/Image
s/08. 2-16 Diag.png> <./Lab/10. Lab 10/Images/09. 8-16 Diag.png> <./Lab/10. Lab
 10/Images/10. 8-32 Diag.png>]) (./Lab/11. Lab 11/Calibration.tex
<Lab/11. Lab 11/Images/BestConfiguration/01. QLR.png, id=496, 642.4pt x 481.8pt
>
File: Lab/11. Lab 11/Images/BestConfiguration/01. QLR.png Graphic file (type pn
g)
<use Lab/11. Lab 11/Images/BestConfiguration/01. QLR.png>
Package pdftex.def Info: Lab/11. Lab 11/Images/BestConfiguration/01. QLR.png  u
sed on input line 22.
(pdftex.def)             Requested size: 145.11053pt x 108.83406pt.
<Lab/11. Lab 11/Images/BestConfiguration/02. SVM.png, id=497, 642.4pt x 481.8pt
>
File: Lab/11. Lab 11/Images/BestConfiguration/02. SVM.png Graphic file (type pn
g)
<use Lab/11. Lab 11/Images/BestConfiguration/02. SVM.png>
Package pdftex.def Info: Lab/11. Lab 11/Images/BestConfiguration/02. SVM.png  u
sed on input line 26.
(pdftex.def)             Requested size: 145.11053pt x 108.83406pt.
<Lab/11. Lab 11/Images/BestConfiguration/03. GMM.png, id=498, 642.4pt x 481.8pt
>
File: Lab/11. Lab 11/Images/BestConfiguration/03. GMM.png Graphic file (type pn
g)
<use Lab/11. Lab 11/Images/BestConfiguration/03. GMM.png>
Package pdftex.def Info: Lab/11. Lab 11/Images/BestConfiguration/03. GMM.png  u
sed on input line 30.
(pdftex.def)             Requested size: 145.11053pt x 108.83406pt.
 [25 <./Lab/11. Lab 11/Images/BestConfiguration/01. QLR.png> <./Lab/11. Lab 11/
Images/BestConfiguration/02. SVM.png> <./Lab/11. Lab 11/Images/BestConfiguratio
n/03. GMM.png>]
<Lab/11. Lab 11/Images/CalibrationAndFusion/01. QLR.png, id=513, 642.4pt x 481.
8pt>
File: Lab/11. Lab 11/Images/CalibrationAndFusion/01. QLR.png Graphic file (type
 png)
<use Lab/11. Lab 11/Images/CalibrationAndFusion/01. QLR.png>
Package pdftex.def Info: Lab/11. Lab 11/Images/CalibrationAndFusion/01. QLR.png
  used on input line 92.
(pdftex.def)             Requested size: 193.47578pt x 145.10718pt.
<Lab/11. Lab 11/Images/CalibrationAndFusion/02. SVM.png, id=514, 642.4pt x 481.
8pt>
File: Lab/11. Lab 11/Images/CalibrationAndFusion/02. SVM.png Graphic file (type
 png)
<use Lab/11. Lab 11/Images/CalibrationAndFusion/02. SVM.png>
Package pdftex.def Info: Lab/11. Lab 11/Images/CalibrationAndFusion/02. SVM.png
  used on input line 96.
(pdftex.def)             Requested size: 193.47578pt x 145.10718pt.
<Lab/11. Lab 11/Images/CalibrationAndFusion/03. GMM.png, id=515, 642.4pt x 481.
8pt>
File: Lab/11. Lab 11/Images/CalibrationAndFusion/03. GMM.png Graphic file (type
 png)
<use Lab/11. Lab 11/Images/CalibrationAndFusion/03. GMM.png>
Package pdftex.def Info: Lab/11. Lab 11/Images/CalibrationAndFusion/03. GMM.png
  used on input line 100.
(pdftex.def)             Requested size: 193.47578pt x 145.10718pt.
<Lab/11. Lab 11/Images/CalibrationAndFusion/04. Fusion.png, id=516, 642.4pt x 4
81.8pt>
File: Lab/11. Lab 11/Images/CalibrationAndFusion/04. Fusion.png Graphic file (t
ype png)
<use Lab/11. Lab 11/Images/CalibrationAndFusion/04. Fusion.png>
Package pdftex.def Info: Lab/11. Lab 11/Images/CalibrationAndFusion/04. Fusion.
png  used on input line 104.
(pdftex.def)             Requested size: 193.47578pt x 145.10718pt.


LaTeX Warning: `!h' float specifier changed to `!ht'.

[26]) (./Lab/11. Lab 11/ExperimentalResults.tex
<Lab/11. Lab 11/Images/Evaluation/01. QLR.png, id=529, 642.4pt x 481.8pt>
File: Lab/11. Lab 11/Images/Evaluation/01. QLR.png Graphic file (type png)
<use Lab/11. Lab 11/Images/Evaluation/01. QLR.png>
Package pdftex.def Info: Lab/11. Lab 11/Images/Evaluation/01. QLR.png  used on 
input line 12.
(pdftex.def)             Requested size: 193.47578pt x 145.10718pt.
<Lab/11. Lab 11/Images/Evaluation/02. SVM.png, id=530, 642.4pt x 481.8pt>
File: Lab/11. Lab 11/Images/Evaluation/02. SVM.png Graphic file (type png)
<use Lab/11. Lab 11/Images/Evaluation/02. SVM.png>
Package pdftex.def Info: Lab/11. Lab 11/Images/Evaluation/02. SVM.png  used on 
input line 16.
(pdftex.def)             Requested size: 193.47578pt x 145.10718pt.
<Lab/11. Lab 11/Images/Evaluation/03. GMM.png, id=531, 642.4pt x 481.8pt>
File: Lab/11. Lab 11/Images/Evaluation/03. GMM.png Graphic file (type png)
<use Lab/11. Lab 11/Images/Evaluation/03. GMM.png>
Package pdftex.def Info: Lab/11. Lab 11/Images/Evaluation/03. GMM.png  used on 
input line 20.
(pdftex.def)             Requested size: 193.47578pt x 145.10718pt.
<Lab/11. Lab 11/Images/Evaluation/04. Fusion.png, id=532, 642.4pt x 481.8pt>
File: Lab/11. Lab 11/Images/Evaluation/04. Fusion.png Graphic file (type png)
<use Lab/11. Lab 11/Images/Evaluation/04. Fusion.png>
Package pdftex.def Info: Lab/11. Lab 11/Images/Evaluation/04. Fusion.png  used 
on input line 24.
(pdftex.def)             Requested size: 193.47578pt x 145.10718pt.


LaTeX Warning: `!h' float specifier changed to `!ht'.


LaTeX Warning: `!h' float specifier changed to `!ht'.

[27 <./Lab/11. Lab 11/Images/CalibrationAndFusion/01. QLR.png> <./Lab/11. Lab 1
1/Images/CalibrationAndFusion/02. SVM.png> <./Lab/11. Lab 11/Images/Calibration
AndFusion/03. GMM.png> <./Lab/11. Lab 11/Images/CalibrationAndFusion/04. Fusion
.png>]

LaTeX Warning: `!h' float specifier changed to `!ht'.

[28 <./Lab/11. Lab 11/Images/Evaluation/01. QLR.png> <./Lab/11. Lab 11/Images/E
valuation/02. SVM.png> <./Lab/11. Lab 11/Images/Evaluation/03. GMM.png> <./Lab/
11. Lab 11/Images/Evaluation/04. Fusion.png>]) (./Lab/11. Lab 11/Conclusion.tex
) [29] (./report.aux (./MainPage/cover.aux))
 ***********
LaTeX2e <2023-11-01> patch level 1
L3 programming layer <2024-02-20>
 ***********
Package rerunfilecheck Info: File `report.out' has not changed.
(rerunfilecheck)             Checksum: F66FDC86B115D11C757FD81574F54D26;4917.
 ) 
Here is how much of TeX's memory you used:
 26064 strings out of 476076
 507235 string characters out of 5793775
 1957187 words of memory out of 5000000
 47535 multiletter control sequences out of 15000+600000
 568139 words of font info for 74 fonts, out of 8000000 for 9000
 14 hyphenation exceptions out of 8191
 83i,13n,87p,543b,739s stack positions out of 10000i,1000n,20000p,200000b,200000s
 </home/antonio/.texlive/texmf-var/fonts/pk/ljfour/jknappen/ec/tcrm1000.600pk
></usr/share/texmf-dist/fonts/type1/public/amsfonts/cm/cmbx10.pfb></usr/share/t
exmf-dist/fonts/type1/public/amsfonts/cm/cmbx12.pfb></usr/share/texmf-dist/font
s/type1/public/amsfonts/cm/cmex10.pfb></usr/share/texmf-dist/fonts/type1/public
/amsfonts/cm/cmmi10.pfb></usr/share/texmf-dist/fonts/type1/public/amsfonts/cm/c
mmi5.pfb></usr/share/texmf-dist/fonts/type1/public/amsfonts/cm/cmmi7.pfb></usr/
share/texmf-dist/fonts/type1/public/amsfonts/cm/cmr10.pfb></usr/share/texmf-dis
t/fonts/type1/public/amsfonts/cm/cmr12.pfb></usr/share/texmf-dist/fonts/type1/p
ublic/amsfonts/cm/cmr5.pfb></usr/share/texmf-dist/fonts/type1/public/amsfonts/c
m/cmr7.pfb></usr/share/texmf-dist/fonts/type1/public/amsfonts/cm/cmr9.pfb></usr
/share/texmf-dist/fonts/type1/public/amsfonts/cm/cmsy10.pfb></usr/share/texmf-d
ist/fonts/type1/public/amsfonts/cm/cmsy5.pfb></usr/share/texmf-dist/fonts/type1
/public/amsfonts/cm/cmsy7.pfb></usr/share/texmf-dist/fonts/type1/public/amsfont
s/cm/cmti10.pfb></usr/share/texmf-dist/fonts/type1/public/amsfonts/symbols/msam
10.pfb></usr/share/texmf-dist/fonts/type1/public/amsfonts/symbols/msbm10.pfb>
Output written on report.pdf (29 pages, 4319615 bytes).
PDF statistics:
 666 PDF objects out of 1000 (max. 8388607)
 480 compressed objects within 5 object streams
 143 named destinations out of 1000 (max. 500000)
 529 words of extra memory for PDF output out of 10000 (max. 10000000)

